2026-02-23 19:57:00 INFO  (LoggingInitialization) Using log config file: jar:file:/Users/<user>/Tools/ghidra_12.0.2_PUBLIC/Ghidra/Framework/Generic/lib/Generic.jar!/generic.log4j.xml  
2026-02-23 19:57:00 INFO  (LoggingInitialization) Using log file: /Users/<user>/LC103/decompile_v1.53/artifacts/ghidra_import_analyze.log  
2026-02-23 19:57:00 INFO  (Preferences) Loading user preferences: /var/<user>/Library/ghidra/ghidra_12.0.2_PUBLIC/preferences  
2026-02-23 19:57:00 INFO  (ClassSearcher) Searching for classes...  
2026-02-23 19:57:01 INFO  (ClassSearcher) Class search complete (728 ms)  
2026-02-23 19:57:01 INFO  (DefaultSSLContextInitializer) Initializing SSL Context  
2026-02-23 19:57:01 INFO  (SecureRandomFactory) Initializing Random Number Generator...  
2026-02-23 19:57:01 INFO  (SecureRandomFactory) Random Number Generator initialization complete: NativePRNGNonBlocking  
2026-02-23 19:57:01 INFO  (DefaultTrustManagerFactory) Trust manager disabled, cacerts have not been set  
2026-02-23 19:57:01 INFO  (FileCacheMaintenanceDaemon) Starting cache cleanup: /var/tmp/root-ghidra/fscache2  
2026-02-23 19:57:01 INFO  (FileCacheMaintenanceDaemon) Finished cache cleanup, estimated storage used: 0  
2026-02-23 19:57:02 INFO  (AnalyzeHeadless) Headless startup complete (2094 ms)  
2026-02-23 19:57:02 INFO  (ClassSearcher) Class searcher loaded 176 extension points (86 false positives)  
2026-02-23 19:57:02 INFO  (HeadlessAnalyzer) HEADLESS Script Paths:
    /Users/<user>/Tools/ghidra_12.0.2_PUBLIC/Ghidra/Features/Decompiler/ghidra_scripts
    /Users/<user>/Tools/ghidra_12.0.2_PUBLIC/Ghidra/Debug/Debugger/ghidra_scripts
    /Users/<user>/Tools/ghidra_12.0.2_PUBLIC/Ghidra/Features/PDB/ghidra_scripts
    /Users/<user>/Tools/ghidra_12.0.2_PUBLIC/Ghidra/Features/SystemEmulation/ghidra_scripts
    /Users/<user>/Tools/ghidra_12.0.2_PUBLIC/Ghidra/Features/WildcardAssembler/ghidra_scripts
    /Users/<user>/Tools/ghidra_12.0.2_PUBLIC/Ghidra/Processors/8051/ghidra_scripts
    /Users/<user>/Tools/ghidra_12.0.2_PUBLIC/Ghidra/Features/PyGhidra/ghidra_scripts
    /Users/<user>/Tools/ghidra_12.0.2_PUBLIC/Ghidra/Features/Base/ghidra_scripts
    /Users/<user>/Tools/ghidra_12.0.2_PUBLIC/Ghidra/Processors/DATA/ghidra_scripts
    /Users/<user>/Tools/ghidra_12.0.2_PUBLIC/Ghidra/Features/FileFormats/ghidra_scripts
    /Users/<user>/Tools/ghidra_12.0.2_PUBLIC/Ghidra/Processors/PIC/ghidra_scripts
    /Users/<user>/Tools/ghidra_12.0.2_PUBLIC/Ghidra/Features/Jython/ghidra_scripts
    /Users/<user>/Tools/ghidra_12.0.2_PUBLIC/Ghidra/Features/GnuDemangler/ghidra_scripts
    /Users/<user>/Tools/ghidra_12.0.2_PUBLIC/Ghidra/Debug/Debugger-rmi-trace/ghidra_scripts
    /Users/<user>/Tools/ghidra_12.0.2_PUBLIC/Ghidra/Features/BytePatterns/ghidra_scripts
    /Users/<user>/Tools/ghidra_12.0.2_PUBLIC/Ghidra/Features/FunctionID/ghidra_scripts
    /Users/<user>/Tools/ghidra_12.0.2_PUBLIC/Ghidra/Processors/JVM/ghidra_scripts
    /Users/<user>/Tools/ghidra_12.0.2_PUBLIC/Ghidra/Features/BSim/ghidra_scripts
    /Users/<user>/Tools/ghidra_12.0.2_PUBLIC/Ghidra/Features/MicrosoftCodeAnalyzer/ghidra_scripts
    /Users/<user>/Tools/ghidra_12.0.2_PUBLIC/Ghidra/Features/VersionTracking/ghidra_scripts
    /Users/<user>/Tools/ghidra_12.0.2_PUBLIC/Ghidra/Features/DecompilerDependent/ghidra_scripts
    /Users/<user>/Tools/ghidra_scripts
    /Users/<user>/Tools/ghidra_12.0.2_PUBLIC/Ghidra/Processors/Atmel/ghidra_scripts
    /Users/<user>/Tools/ghidra_12.0.2_PUBLIC/Ghidra/Features/SwiftDemangler/ghidra_scripts  
2026-02-23 19:57:02 INFO  (HeadlessAnalyzer) HEADLESS: execution starts  
2026-02-23 19:57:02 INFO  (HeadlessAnalyzer) Creating project: /Users/<user>/LC103/decompile_v1.53/ghidra_proj/lc103_fw  
2026-02-23 19:57:02 INFO  (DefaultProject) Creating project: /Users/<user>/LC103/decompile_v1.53/ghidra_proj/lc103_fw  
2026-02-23 19:57:02 INFO  (HeadlessAnalyzer) REPORT: Processing input files:   
2026-02-23 19:57:02 INFO  (HeadlessAnalyzer)      project: /Users/<user>/LC103/decompile_v1.53/ghidra_proj/lc103_fw  
2026-02-23 19:57:02 INFO  (HeadlessAnalyzer) IMPORTING: file:///Users/<user>/LC103/Sencore_LC103_FW_v1.53.BIN  
2026-02-23 19:57:02 INFO  (ProgramLoader) Using Loader: Raw Binary  
2026-02-23 19:57:02 INFO  (ProgramLoader) Using Language/Compiler: 8051:BE:16:default:default  
2026-02-23 19:57:02 INFO  (ProgramLoader) Using Library Search Path: [., /System/Library/dyld/dyld_shared_cache_arm64e, /System/Library/dyld/dyld_shared_cache_x86_64, /System/Library/dyld/dyld_shared_cache_x86_64h, /System/Cryptexes/OS/System/Library/dyld/dyld_shared_cache_arm64e, /System/Cryptexes/OS/System/Library/dyld/dyld_shared_cache_x86_64, /System/Cryptexes/OS/System/Library/dyld/dyld_shared_cache_x86_64h, /var/<user>/Library/Java/Extensions, /Library/Java/Extensions, /Network/Library/Java/Extensions, /System/Library/Java/Extensions, /usr/lib/java]  
2026-02-23 19:57:02 INFO  (ProgramLoader) Additional info:
Clipped file to fit into memory space
  
2026-02-23 19:57:02 INFO  (HeadlessAnalyzer) IMPORTING: Loaded 0 additional files  
2026-02-23 19:57:02 INFO  (HeadlessAnalyzer) ANALYZING all memory and code: file:///Users/<user>/LC103/Sencore_LC103_FW_v1.53.BIN  
2026-02-23 19:57:02 DEBUG (FidAnalyzer) No FID Libraries apply for language 8051:BE:16:default  
2026-02-23 19:57:02 INFO  (PackedDatabaseCache) Packed database cache: /var/tmp/root-ghidra/packed-db-cache  
2026-02-23 19:57:02 DEBUG (PackedDatabaseCache) Caching packed database: /Users/<user>/Tools/ghidra_12.0.2_PUBLIC/Ghidra/Features/Base/data/typeinfo/generic/generic_clib.gdt  
2026-02-23 19:57:02 DEBUG (PackedDatabase) Unpacking database /Users/<user>/Tools/ghidra_12.0.2_PUBLIC/Ghidra/Features/Base/data/typeinfo/generic/generic_clib.gdt -> /var/tmp/root-ghidra/packed-db-cache/pdbFFB2E220/db.1.gbf  
2026-02-23 19:57:02 DEBUG (PackedDatabaseCache) Cache update completed: /Users/<user>/Tools/ghidra_12.0.2_PUBLIC/Ghidra/Features/Base/data/typeinfo/generic/generic_clib.gdt  
2026-02-23 19:57:03 INFO  (ApplyDataArchiveAnalyzer) Applied data type archive: generic_clib  
2026-02-23 19:57:03 INFO  (HeadlessAnalyzer) REPORT: Analysis succeeded for file: file:///Users/<user>/LC103/Sencore_LC103_FW_v1.53.BIN  
2026-02-23 19:57:03 INFO  (LocalFileSystem) /Sencore_LC103_FW_v1.53.BIN: file created (root)  
2026-02-23 19:57:03 INFO  (HeadlessAnalyzer) REPORT: Save succeeded for: /Sencore_LC103_FW_v1.53.BIN (lc103_fw:/Sencore_LC103_FW_v1.53.BIN)  
2026-02-23 19:57:03 INFO  (HeadlessAnalyzer) REPORT: Import succeeded  
