2026-02-23 20:06:00 INFO  (LoggingInitialization) Using log config file: jar:file:/Users/<user>/Tools/ghidra_12.0.2_PUBLIC/Ghidra/Framework/Generic/lib/Generic.jar!/generic.log4j.xml  
2026-02-23 20:06:00 INFO  (LoggingInitialization) Using log file: /Users/<user>/LC103/decompile_v1.53/artifacts/ghidra_bank1_cmdstruct_decomp.log  
2026-02-23 20:06:00 INFO  (Preferences) Loading user preferences: /var/<user>/Library/ghidra/ghidra_12.0.2_PUBLIC/preferences  
2026-02-23 20:06:00 INFO  (ClassSearcher) Searching for classes...  
2026-02-23 20:06:01 INFO  (ClassSearcher) Class search complete (730 ms)  
2026-02-23 20:06:01 INFO  (DefaultSSLContextInitializer) Initializing SSL Context  
2026-02-23 20:06:01 INFO  (SecureRandomFactory) Initializing Random Number Generator...  
2026-02-23 20:06:01 INFO  (SecureRandomFactory) Random Number Generator initialization complete: NativePRNGNonBlocking  
2026-02-23 20:06:01 INFO  (DefaultTrustManagerFactory) Trust manager disabled, cacerts have not been set  
2026-02-23 20:06:01 INFO  (AnalyzeHeadless) Headless startup complete (1330 ms)  
2026-02-23 20:06:01 INFO  (ClassSearcher) Class searcher loaded 58 extension points (18 false positives)  
2026-02-23 20:06:02 INFO  (HeadlessAnalyzer) HEADLESS Script Paths:
    /Users/<user>/Tools/ghidra_12.0.2_PUBLIC/Ghidra/Features/Decompiler/ghidra_scripts
    /Users/<user>/Tools/ghidra_12.0.2_PUBLIC/Ghidra/Debug/Debugger/ghidra_scripts
    /Users/<user>/Tools/ghidra_12.0.2_PUBLIC/Ghidra/Features/PDB/ghidra_scripts
    /Users/<user>/Tools/ghidra_12.0.2_PUBLIC/Ghidra/Features/SystemEmulation/ghidra_scripts
    /Users/<user>/Tools/ghidra_12.0.2_PUBLIC/Ghidra/Features/WildcardAssembler/ghidra_scripts
    /Users/<user>/Tools/ghidra_12.0.2_PUBLIC/Ghidra/Processors/8051/ghidra_scripts
    /Users/<user>/Tools/ghidra_12.0.2_PUBLIC/Ghidra/Features/PyGhidra/ghidra_scripts
    /Users/<user>/Tools/ghidra_12.0.2_PUBLIC/Ghidra/Features/Base/ghidra_scripts
    /Users/<user>/Tools/ghidra_12.0.2_PUBLIC/Ghidra/Processors/DATA/ghidra_scripts
    /Users/<user>/Tools/ghidra_12.0.2_PUBLIC/Ghidra/Features/FileFormats/ghidra_scripts
    /Users/<user>/Tools/ghidra_12.0.2_PUBLIC/Ghidra/Processors/PIC/ghidra_scripts
    /Users/<user>/Tools/ghidra_12.0.2_PUBLIC/Ghidra/Features/Jython/ghidra_scripts
    /Users/<user>/Tools/ghidra_12.0.2_PUBLIC/Ghidra/Features/GnuDemangler/ghidra_scripts
    /Users/<user>/Tools/ghidra_12.0.2_PUBLIC/Ghidra/Debug/Debugger-rmi-trace/ghidra_scripts
    /Users/<user>/Tools/ghidra_12.0.2_PUBLIC/Ghidra/Features/BytePatterns/ghidra_scripts
    /Users/<user>/Tools/ghidra_12.0.2_PUBLIC/Ghidra/Features/FunctionID/ghidra_scripts
    /Users/<user>/Tools/ghidra_12.0.2_PUBLIC/Ghidra/Processors/JVM/ghidra_scripts
    /Users/<user>/Tools/ghidra_12.0.2_PUBLIC/Ghidra/Features/BSim/ghidra_scripts
    /Users/<user>/Tools/ghidra_12.0.2_PUBLIC/Ghidra/Features/MicrosoftCodeAnalyzer/ghidra_scripts
    /Users/<user>/Tools/ghidra_12.0.2_PUBLIC/Ghidra/Features/VersionTracking/ghidra_scripts
    /Users/<user>/Tools/ghidra_12.0.2_PUBLIC/Ghidra/Features/DecompilerDependent/ghidra_scripts
    /Users/<user>/Tools/ghidra_scripts
    /Users/<user>/Tools/ghidra_12.0.2_PUBLIC/Ghidra/Processors/Atmel/ghidra_scripts
    /Users/<user>/Tools/ghidra_12.0.2_PUBLIC/Ghidra/Features/SwiftDemangler/ghidra_scripts  
2026-02-23 20:06:02 INFO  (HeadlessAnalyzer) HEADLESS: execution starts  
2026-02-23 20:06:02 INFO  (HeadlessAnalyzer) Opening existing project: /Users/<user>/LC103/decompile_v1.53/ghidra_proj/lc103_bank1_boot  
2026-02-23 20:06:02 INFO  (HeadlessProject) Opening project: /Users/<user>/LC103/decompile_v1.53/ghidra_proj/lc103_bank1_boot  
2026-02-23 20:06:02 INFO  (HeadlessAnalyzer) REPORT: Processing project file: /half1.bin  
2026-02-23 20:06:02 INFO  (HeadlessAnalyzer) REPORT: Execute script: DumpDecompAddr.java 'CODE:2713' 'CODE:2725' 'CODE:2735' 'CODE:2772' 'CODE:27a5' 'CODE:27bd' 'CODE:27ce' 'CODE:27e0' 'CODE:2800' 'CODE:282a' 'CODE:2836' 'CODE:2844' 'CODE:285d' 'CODE:2872' 'CODE:2887' 'CODE:2895' 'CODE:289e' 'CODE:28ad' 'CODE:28e5' 'CODE:2905' 'CODE:299d' 'CODE:29fd' 'CODE:29ff' 'CODE:2a0a' 'CODE:2a9f' 'CODE:2aa6' 'CODE:50ce' 'CODE:512d' 'CODE:51b4' 'CODE:52a2' 'CODE:59be' 'CODE:ef5c'   
2026-02-23 20:06:02 INFO  (HeadlessAnalyzer) SCRIPT: /Users/<user>/Tools/ghidra_scripts/DumpDecompAddr.java  
2026-02-23 20:06:03 INFO  (GhidraScript) DumpDecompAddr.java> WROTE /Users/<user>/Tools/ghidra_decomp_addr.txt  
2026-02-23 20:06:03 INFO  (HeadlessAnalyzer) REPORT: Save succeeded for processed file: /half1.bin  
