/Users/<user>/Downloads/LC103/Source/LV3_1/103f_cal.llb: Starting file parse for RSRC extraction
/Users/<user>/Downloads/LC103/Source/LV3_1/103f_cal.llb: Block 'STR' index 2 recognized
/Users/<user>/Downloads/LC103/Source/LV3_1/103f_cal.llb: Block 'CPRF' index 3 recognized
/Users/<user>/Downloads/LC103/Source/LV3_1/103f_cal.llb: Block 'STRsh' index 4 recognized
/Users/<user>/Downloads/LC103/Source/LV3_1/103f_cal.llb: Block 'ICON' index 5 recognized
/Users/<user>/Downloads/LC103/Source/LV3_1/103f_cal.llb: Block 'CPTM' index 6 recognized
/Users/<user>/Downloads/LC103/Source/LV3_1/103f_cal.llb: Block 'STRG' index 7 recognized
/Users/<user>/Downloads/LC103/Source/LV3_1/103f_cal.llb: Block b'ADir' max data size set to 5004 bytes
/Users/<user>/Downloads/LC103/Source/LV3_1/103f_cal.llb: Block b'PALM' max data size set to 876 bytes
/Users/<user>/Downloads/LC103/Source/LV3_1/103f_cal.llb: Block b'STR ' max data size set to 60 bytes
/Users/<user>/Downloads/LC103/Source/LV3_1/103f_cal.llb: Block b'CPRF' max data size set to 4434868 bytes
/Users/<user>/Downloads/LC103/Source/LV3_1/103f_cal.llb: Block b'STR#' max data size set to 2424 bytes
/Users/<user>/Downloads/LC103/Source/LV3_1/103f_cal.llb: Block b'ICON' max data size set to 13200 bytes
/Users/<user>/Downloads/LC103/Source/LV3_1/103f_cal.llb: Block b'CPTM' max data size set to 13884 bytes
/Users/<user>/Downloads/LC103/Source/LV3_1/103f_cal.llb: Block b'STRG' max data size set to 4470964 bytes
/Users/<user>/Downloads/LC103/Source/LV3_1/103f_cal.llb: Names of sections are not ordered the same as actual sections
/Users/<user>/Downloads/LC103/Source/LV3_1/103f_cal.llb: Writing block b'ADir'
/Users/<user>/Downloads/LC103/Source/LV3_1/103f_cal.llb: Storing block b'ADir' section 0 binary in '/Users/<user>/LC103/decompile_v1.53/lv_extract/lv3_1/103f_cal_ADir.bin'
/Users/<user>/Downloads/LC103/Source/LV3_1/103f_cal.llb: Writing block b'PALM'
/Users/<user>/Downloads/LC103/Source/LV3_1/103f_cal.llb: Storing block b'PALM' section 0 binary in '/Users/<user>/LC103/decompile_v1.53/lv_extract/lv3_1/paletteMenu_PALM0.bin'
/Users/<user>/Downloads/LC103/Source/LV3_1/103f_cal.llb: Storing block b'PALM' section 1 binary in '/Users/<user>/LC103/decompile_v1.53/lv_extract/lv3_1/ctlMenu_PALM1.bin'
/Users/<user>/Downloads/LC103/Source/LV3_1/103f_cal.llb: Writing block b'STR '
/Users/<user>/Downloads/LC103/Source/LV3_1/103f_cal.llb: Writing inline XML for block b'STR ' section 1
/Users/<user>/Downloads/LC103/Source/LV3_1/103f_cal.llb: Writing inline XML for block b'STR ' section 2
/Users/<user>/Downloads/LC103/Source/LV3_1/103f_cal.llb: Writing block b'CPRF'
/Users/<user>/Downloads/LC103/Source/LV3_1/103f_cal.llb: Storing block b'CPRF' section 1 binary in '/Users/<user>/LC103/decompile_v1.53/lv_extract/lv3_1/daqtabls.lsb'
/Users/<user>/Downloads/LC103/Source/LV3_1/103f_cal.llb: Storing block b'CPRF' section 2 binary in '/Users/<user>/LC103/decompile_v1.53/lv_extract/lv3_1/daqlptrs.lsb'
/Users/<user>/Downloads/LC103/Source/LV3_1/103f_cal.llb: Storing block b'CPRF' section 3 binary in '/Users/<user>/LC103/decompile_v1.53/lv_extract/lv3_1/INSTR_WT.vi'
/Users/<user>/Downloads/LC103/Source/LV3_1/103f_cal.llb: Storing block b'CPRF' section 4 binary in '/Users/<user>/LC103/decompile_v1.53/lv_extract/lv3_1/Open-Create-Replace File.vi'
/Users/<user>/Downloads/LC103/Source/LV3_1/103f_cal.llb: Storing block b'CPRF' section 5 binary in '/Users/<user>/LC103/decompile_v1.53/lv_extract/lv3_1/Write File+ (string).vi'
/Users/<user>/Downloads/LC103/Source/LV3_1/103f_cal.llb: Storing block b'CPRF' section 6 binary in '/Users/<user>/LC103/decompile_v1.53/lv_extract/lv3_1/GET_PATH.vi'
/Users/<user>/Downloads/LC103/Source/LV3_1/103f_cal.llb: Storing block b'CPRF' section 7 binary in '/Users/<user>/LC103/decompile_v1.53/lv_extract/lv3_1/Serial Port Reset.vi'
/Users/<user>/Downloads/LC103/Source/LV3_1/103f_cal.llb: Storing block b'CPRF' section 8 binary in '/Users/<user>/LC103/decompile_v1.53/lv_extract/lv3_1/Serial Port Buffer Size.vi'
/Users/<user>/Downloads/LC103/Source/LV3_1/103f_cal.llb: Storing block b'CPRF' section 9 binary in '/Users/<user>/LC103/decompile_v1.53/lv_extract/lv3_1/WSrd.vi'
/Users/<user>/Downloads/LC103/Source/LV3_1/103f_cal.llb: Storing block b'CPRF' section 10 binary in '/Users/<user>/LC103/decompile_v1.53/lv_extract/lv3_1/WSwrt.vi'
/Users/<user>/Downloads/LC103/Source/LV3_1/103f_cal.llb: Storing block b'CPRF' section 11 binary in '/Users/<user>/LC103/decompile_v1.53/lv_extract/lv3_1/4882TMO.vi'
/Users/<user>/Downloads/LC103/Source/LV3_1/103f_cal.llb: Storing block b'CPRF' section 12 binary in '/Users/<user>/LC103/decompile_v1.53/lv_extract/lv3_1/platGlob.vi'
/Users/<user>/Downloads/LC103/Source/LV3_1/103f_cal.llb: Storing block b'CPRF' section 13 binary in '/Users/<user>/LC103/decompile_v1.53/lv_extract/lv3_1/Open GPIB Driver.vi'
/Users/<user>/Downloads/LC103/Source/LV3_1/103f_cal.llb: Storing block b'CPRF' section 14 binary in '/Users/<user>/LC103/decompile_v1.53/lv_extract/lv3_1/Core GPIB Read.vi'
/Users/<user>/Downloads/LC103/Source/LV3_1/103f_cal.llb: Storing block b'CPRF' section 15 binary in '/Users/<user>/LC103/decompile_v1.53/lv_extract/lv3_1/Receive.vi'
/Users/<user>/Downloads/LC103/Source/LV3_1/103f_cal.llb: Storing block b'CPRF' section 16 binary in '/Users/<user>/LC103/decompile_v1.53/lv_extract/lv3_1/Core GPIB Write.vi'
/Users/<user>/Downloads/LC103/Source/LV3_1/103f_cal.llb: Storing block b'CPRF' section 17 binary in '/Users/<user>/LC103/decompile_v1.53/lv_extract/lv3_1/Send.vi'
/Users/<user>/Downloads/LC103/Source/LV3_1/103f_cal.llb: Storing block b'CPRF' section 18 binary in '/Users/<user>/LC103/decompile_v1.53/lv_extract/lv3_1/Instr Read Model Code (GPIB-VXI).vi'
/Users/<user>/Downloads/LC103/Source/LV3_1/103f_cal.llb: Storing block b'CPRF' section 19 binary in '/Users/<user>/LC103/decompile_v1.53/lv_extract/lv3_1/GetDevInfoLong.vi'
/Users/<user>/Downloads/LC103/Source/LV3_1/103f_cal.llb: Storing block b'CPRF' section 20 binary in '/Users/<user>/LC103/decompile_v1.53/lv_extract/lv3_1/GetDevInfoShort.vi'
/Users/<user>/Downloads/LC103/Source/LV3_1/103f_cal.llb: Storing block b'CPRF' section 21 binary in '/Users/<user>/LC103/decompile_v1.53/lv_extract/lv3_1/InitVXIlibrary.vi'
/Users/<user>/Downloads/LC103/Source/LV3_1/103f_cal.llb: Storing block b'CPRF' section 22 binary in '/Users/<user>/LC103/decompile_v1.53/lv_extract/lv3_1/Instr Handle Control.ctl'
/Users/<user>/Downloads/LC103/Source/LV3_1/103f_cal.llb: Storing block b'CPRF' section 23 binary in '/Users/<user>/LC103/decompile_v1.53/lv_extract/lv3_1/VTL Global.vi'
/Users/<user>/Downloads/LC103/Source/LV3_1/103f_cal.llb: Storing block b'CPRF' section 24 binary in '/Users/<user>/LC103/decompile_v1.53/lv_extract/lv3_1/Instr Error Out Cluster.ctl'
/Users/<user>/Downloads/LC103/Source/LV3_1/103f_cal.llb: Storing block b'CPRF' section 25 binary in '/Users/<user>/LC103/decompile_v1.53/lv_extract/lv3_1/Instr Error In Cluster.ctl'
/Users/<user>/Downloads/LC103/Source/LV3_1/103f_cal.llb: Storing block b'CPRF' section 26 binary in '/Users/<user>/LC103/decompile_v1.53/lv_extract/lv3_1/Instr Source.ctl'
/Users/<user>/Downloads/LC103/Source/LV3_1/103f_cal.llb: Storing block b'CPRF' section 27 binary in '/Users/<user>/LC103/decompile_v1.53/lv_extract/lv3_1/Instr Handle Indicator.ctl'
/Users/<user>/Downloads/LC103/Source/LV3_1/103f_cal.llb: Storing block b'CPRF' section 28 binary in '/Users/<user>/LC103/decompile_v1.53/lv_extract/lv3_1/Instr Read.vi'
/Users/<user>/Downloads/LC103/Source/LV3_1/103f_cal.llb: Storing block b'CPRF' section 29 binary in '/Users/<user>/LC103/decompile_v1.53/lv_extract/lv3_1/Instr Write.vi'
/Users/<user>/Downloads/LC103/Source/LV3_1/103f_cal.llb: Storing block b'CPRF' section 30 binary in '/Users/<user>/LC103/decompile_v1.53/lv_extract/lv3_1/Fluke 8840A.vi'
/Users/<user>/Downloads/LC103/Source/LV3_1/103f_cal.llb: Storing block b'CPRF' section 31 binary in '/Users/<user>/LC103/decompile_v1.53/lv_extract/lv3_1/MakeAddr.vi'
/Users/<user>/Downloads/LC103/Source/LV3_1/103f_cal.llb: Storing block b'CPRF' section 32 binary in '/Users/<user>/LC103/decompile_v1.53/lv_extract/lv3_1/Instr Initialize Interface.vi'
/Users/<user>/Downloads/LC103/Source/LV3_1/103f_cal.llb: Storing block b'CPRF' section 33 binary in '/Users/<user>/LC103/decompile_v1.53/lv_extract/lv3_1/Instr Parse Instrument Descriptor.vi'
/Users/<user>/Downloads/LC103/Source/LV3_1/103f_cal.llb: Storing block b'CPRF' section 34 binary in '/Users/<user>/LC103/decompile_v1.53/lv_extract/lv3_1/Instr Open.vi'
/Users/<user>/Downloads/LC103/Source/LV3_1/103f_cal.llb: Storing block b'CPRF' section 35 binary in '/Users/<user>/LC103/decompile_v1.53/lv_extract/lv3_1/FL 884XX Initialize.vi'
/Users/<user>/Downloads/LC103/Source/LV3_1/103f_cal.llb: Storing block b'CPRF' section 36 binary in '/Users/<user>/LC103/decompile_v1.53/lv_extract/lv3_1/RD8840A.vi'
/Users/<user>/Downloads/LC103/Source/LV3_1/103f_cal.llb: Storing block b'CPRF' section 37 binary in '/Users/<user>/LC103/decompile_v1.53/lv_extract/lv3_1/DIO Port Write.vi'
/Users/<user>/Downloads/LC103/Source/LV3_1/103f_cal.llb: Storing block b'CPRF' section 38 binary in '/Users/<user>/LC103/decompile_v1.53/lv_extract/lv3_1/DIO Port Read.vi'
/Users/<user>/Downloads/LC103/Source/LV3_1/103f_cal.llb: Storing block b'CPRF' section 39 binary in '/Users/<user>/LC103/decompile_v1.53/lv_extract/lv3_1/DIO Port Config.vi'
/Users/<user>/Downloads/LC103/Source/LV3_1/103f_cal.llb: Storing block b'CPRF' section 40 binary in '/Users/<user>/LC103/decompile_v1.53/lv_extract/lv3_1/COMP_CF.vi'
/Users/<user>/Downloads/LC103/Source/LV3_1/103f_cal.llb: Storing block b'CPRF' section 41 binary in '/Users/<user>/LC103/decompile_v1.53/lv_extract/lv3_1/WAIT.vi'
/Users/<user>/Downloads/LC103/Source/LV3_1/103f_cal.llb: Storing block b'CPRF' section 42 binary in '/Users/<user>/LC103/decompile_v1.53/lv_extract/lv3_1/Beep.vi'
/Users/<user>/Downloads/LC103/Source/LV3_1/103f_cal.llb: Storing block b'CPRF' section 43 binary in '/Users/<user>/LC103/decompile_v1.53/lv_extract/lv3_1/APRX_EQL.vi'
/Users/<user>/Downloads/LC103/Source/LV3_1/103f_cal.llb: Storing block b'CPRF' section 44 binary in '/Users/<user>/LC103/decompile_v1.53/lv_extract/lv3_1/GlobStat.vi'
/Users/<user>/Downloads/LC103/Source/LV3_1/103f_cal.llb: Storing block b'CPRF' section 45 binary in '/Users/<user>/LC103/decompile_v1.53/lv_extract/lv3_1/STARTCHK.vi'
/Users/<user>/Downloads/LC103/Source/LV3_1/103f_cal.llb: Storing block b'CPRF' section 46 binary in '/Users/<user>/LC103/decompile_v1.53/lv_extract/lv3_1/CAL_MODE.vi'
/Users/<user>/Downloads/LC103/Source/LV3_1/103f_cal.llb: Storing block b'CPRF' section 47 binary in '/Users/<user>/LC103/decompile_v1.53/lv_extract/lv3_1/ABORT-.vi'
/Users/<user>/Downloads/LC103/Source/LV3_1/103f_cal.llb: Storing block b'CPRF' section 48 binary in '/Users/<user>/LC103/decompile_v1.53/lv_extract/lv3_1/IST_WT_A.vi'
/Users/<user>/Downloads/LC103/Source/LV3_1/103f_cal.llb: Storing block b'CPRF' section 49 binary in '/Users/<user>/LC103/decompile_v1.53/lv_extract/lv3_1/Standard Deviation.vi'
/Users/<user>/Downloads/LC103/Source/LV3_1/103f_cal.llb: Storing block b'CPRF' section 50 binary in '/Users/<user>/LC103/decompile_v1.53/lv_extract/lv3_1/serpConfig.vi'
/Users/<user>/Downloads/LC103/Source/LV3_1/103f_cal.llb: Storing block b'CPRF' section 51 binary in '/Users/<user>/LC103/decompile_v1.53/lv_extract/lv3_1/serpOpen.vi'
/Users/<user>/Downloads/LC103/Source/LV3_1/103f_cal.llb: Storing block b'CPRF' section 52 binary in '/Users/<user>/LC103/decompile_v1.53/lv_extract/lv3_1/Open Serial Driver.vi'
/Users/<user>/Downloads/LC103/Source/LV3_1/103f_cal.llb: Storing block b'CPRF' section 53 binary in '/Users/<user>/LC103/decompile_v1.53/lv_extract/lv3_1/Serial Port Init.vi'
/Users/<user>/Downloads/LC103/Source/LV3_1/103f_cal.llb: Storing block b'CPRF' section 54 binary in '/Users/<user>/LC103/decompile_v1.53/lv_extract/lv3_1/Serial Port Write.vi'
/Users/<user>/Downloads/LC103/Source/LV3_1/103f_cal.llb: Storing block b'CPRF' section 55 binary in '/Users/<user>/LC103/decompile_v1.53/lv_extract/lv3_1/Serial Port Read.vi'
/Users/<user>/Downloads/LC103/Source/LV3_1/103f_cal.llb: Storing block b'CPRF' section 56 binary in '/Users/<user>/LC103/decompile_v1.53/lv_extract/lv3_1/Bytes At Serial Port.vi'
/Users/<user>/Downloads/LC103/Source/LV3_1/103f_cal.llb: Storing block b'CPRF' section 57 binary in '/Users/<user>/LC103/decompile_v1.53/lv_extract/lv3_1/String Write.vi'
/Users/<user>/Downloads/LC103/Source/LV3_1/103f_cal.llb: Storing block b'CPRF' section 58 binary in '/Users/<user>/LC103/decompile_v1.53/lv_extract/lv3_1/String Read.vi'
/Users/<user>/Downloads/LC103/Source/LV3_1/103f_cal.llb: Storing block b'CPRF' section 59 binary in '/Users/<user>/LC103/decompile_v1.53/lv_extract/lv3_1/RS-232 Communications.vi'
/Users/<user>/Downloads/LC103/Source/LV3_1/103f_cal.llb: Storing block b'CPRF' section 60 binary in '/Users/<user>/LC103/decompile_v1.53/lv_extract/lv3_1/UUT Comm.vi'
/Users/<user>/Downloads/LC103/Source/LV3_1/103f_cal.llb: Storing block b'CPRF' section 61 binary in '/Users/<user>/LC103/decompile_v1.53/lv_extract/lv3_1/UUT_BEEP.vi'
/Users/<user>/Downloads/LC103/Source/LV3_1/103f_cal.llb: Storing block b'CPRF' section 62 binary in '/Users/<user>/LC103/decompile_v1.53/lv_extract/lv3_1/LEADSHRT.vi'
/Users/<user>/Downloads/LC103/Source/LV3_1/103f_cal.llb: Storing block b'CPRF' section 63 binary in '/Users/<user>/LC103/decompile_v1.53/lv_extract/lv3_1/LEADOPEN.vi'
/Users/<user>/Downloads/LC103/Source/LV3_1/103f_cal.llb: Storing block b'CPRF' section 64 binary in '/Users/<user>/LC103/decompile_v1.53/lv_extract/lv3_1/GET_CF.vi'
/Users/<user>/Downloads/LC103/Source/LV3_1/103f_cal.llb: Storing block b'CPRF' section 65 binary in '/Users/<user>/LC103/decompile_v1.53/lv_extract/lv3_1/SND_CF&V.vi'
/Users/<user>/Downloads/LC103/Source/LV3_1/103f_cal.llb: Storing block b'CPRF' section 66 binary in '/Users/<user>/LC103/decompile_v1.53/lv_extract/lv3_1/INDSETUP.vi'
/Users/<user>/Downloads/LC103/Source/LV3_1/103f_cal.llb: Storing block b'CPRF' section 67 binary in '/Users/<user>/LC103/decompile_v1.53/lv_extract/lv3_1/CAPSETUP.vi'
/Users/<user>/Downloads/LC103/Source/LV3_1/103f_cal.llb: Storing block b'CPRF' section 68 binary in '/Users/<user>/LC103/decompile_v1.53/lv_extract/lv3_1/EEPROM.vi'
/Users/<user>/Downloads/LC103/Source/LV3_1/103f_cal.llb: Storing block b'CPRF' section 69 binary in '/Users/<user>/LC103/decompile_v1.53/lv_extract/lv3_1/T_Setup.vi'
/Users/<user>/Downloads/LC103/Source/LV3_1/103f_cal.llb: Storing block b'CPRF' section 70 binary in '/Users/<user>/LC103/decompile_v1.53/lv_extract/lv3_1/REV_CHK.vi'
/Users/<user>/Downloads/LC103/Source/LV3_1/103f_cal.llb: Storing block b'CPRF' section 71 binary in '/Users/<user>/LC103/decompile_v1.53/lv_extract/lv3_1/SER_SET.vi'
/Users/<user>/Downloads/LC103/Source/LV3_1/103f_cal.llb: Storing block b'CPRF' section 72 binary in '/Users/<user>/LC103/decompile_v1.53/lv_extract/lv3_1/EEClear.vi'
/Users/<user>/Downloads/LC103/Source/LV3_1/103f_cal.llb: Storing block b'CPRF' section 73 binary in '/Users/<user>/LC103/decompile_v1.53/lv_extract/lv3_1/10V_Set.vi'
/Users/<user>/Downloads/LC103/Source/LV3_1/103f_cal.llb: Storing block b'CPRF' section 74 binary in '/Users/<user>/LC103/decompile_v1.53/lv_extract/lv3_1/Ringer.vi'
/Users/<user>/Downloads/LC103/Source/LV3_1/103f_cal.llb: Storing block b'CPRF' section 75 binary in '/Users/<user>/LC103/decompile_v1.53/lv_extract/lv3_1/CALSET.vi'
/Users/<user>/Downloads/LC103/Source/LV3_1/103f_cal.llb: Storing block b'CPRF' section 76 binary in '/Users/<user>/LC103/decompile_v1.53/lv_extract/lv3_1/CALCLEAR.vi'
/Users/<user>/Downloads/LC103/Source/LV3_1/103f_cal.llb: Storing block b'CPRF' section 77 binary in '/Users/<user>/LC103/decompile_v1.53/lv_extract/lv3_1/Caldate.vi'
/Users/<user>/Downloads/LC103/Source/LV3_1/103f_cal.llb: Storing block b'CPRF' section 78 binary in '/Users/<user>/LC103/decompile_v1.53/lv_extract/lv3_1/1ST_READ.vi'
/Users/<user>/Downloads/LC103/Source/LV3_1/103f_cal.llb: Storing block b'CPRF' section 79 binary in '/Users/<user>/LC103/decompile_v1.53/lv_extract/lv3_1/SETLD_RD.vi'
/Users/<user>/Downloads/LC103/Source/LV3_1/103f_cal.llb: Storing block b'CPRF' section 80 binary in '/Users/<user>/LC103/decompile_v1.53/lv_extract/lv3_1/ESR_CAL.vi'
/Users/<user>/Downloads/LC103/Source/LV3_1/103f_cal.llb: Storing block b'CPRF' section 81 binary in '/Users/<user>/LC103/decompile_v1.53/lv_extract/lv3_1/Open File+.vi'
/Users/<user>/Downloads/LC103/Source/LV3_1/103f_cal.llb: Storing block b'CPRF' section 82 binary in '/Users/<user>/LC103/decompile_v1.53/lv_extract/lv3_1/Find First Error.vi'
/Users/<user>/Downloads/LC103/Source/LV3_1/103f_cal.llb: Storing block b'CPRF' section 83 binary in '/Users/<user>/LC103/decompile_v1.53/lv_extract/lv3_1/Close File+.vi'
/Users/<user>/Downloads/LC103/Source/LV3_1/103f_cal.llb: Storing block b'CPRF' section 84 binary in '/Users/<user>/LC103/decompile_v1.53/lv_extract/lv3_1/Read File+ (string).vi'
/Users/<user>/Downloads/LC103/Source/LV3_1/103f_cal.llb: Storing block b'CPRF' section 85 binary in '/Users/<user>/LC103/decompile_v1.53/lv_extract/lv3_1/General Error Handler.vi'
/Users/<user>/Downloads/LC103/Source/LV3_1/103f_cal.llb: Storing block b'CPRF' section 86 binary in '/Users/<user>/LC103/decompile_v1.53/lv_extract/lv3_1/Write Characters To File.vi'
/Users/<user>/Downloads/LC103/Source/LV3_1/103f_cal.llb: Storing block b'CPRF' section 87 binary in '/Users/<user>/LC103/decompile_v1.53/lv_extract/lv3_1/Write to Digital Port .vi'
/Users/<user>/Downloads/LC103/Source/LV3_1/103f_cal.llb: Storing block b'CPRF' section 88 binary in '/Users/<user>/LC103/decompile_v1.53/lv_extract/lv3_1/Read from Digital Port.vi'
/Users/<user>/Downloads/LC103/Source/LV3_1/103f_cal.llb: Storing block b'CPRF' section 89 binary in '/Users/<user>/LC103/decompile_v1.53/lv_extract/lv3_1/DIO_R-W.vi'
/Users/<user>/Downloads/LC103/Source/LV3_1/103f_cal.llb: Storing block b'CPRF' section 90 binary in '/Users/<user>/LC103/decompile_v1.53/lv_extract/lv3_1/CALB_SET.vi'
/Users/<user>/Downloads/LC103/Source/LV3_1/103f_cal.llb: Storing block b'CPRF' section 91 binary in '/Users/<user>/LC103/decompile_v1.53/lv_extract/lv3_1/GAIN_CAL.vi'
/Users/<user>/Downloads/LC103/Source/LV3_1/103f_cal.llb: Storing block b'CPRF' section 92 binary in '/Users/<user>/LC103/decompile_v1.53/lv_extract/lv3_1/LEAK_VLT.vi'
/Users/<user>/Downloads/LC103/Source/LV3_1/103f_cal.llb: Storing block b'CPRF' section 93 binary in '/Users/<user>/LC103/decompile_v1.53/lv_extract/lv3_1/LEAK_I.vi'
/Users/<user>/Downloads/LC103/Source/LV3_1/103f_cal.llb: Storing block b'CPRF' section 94 binary in '/Users/<user>/LC103/decompile_v1.53/lv_extract/lv3_1/ISRC_CAL.vi'
/Users/<user>/Downloads/LC103/Source/LV3_1/103f_cal.llb: Storing block b'CPRF' section 95 binary in '/Users/<user>/LC103/decompile_v1.53/lv_extract/lv3_1/Leak_CAL.vi'
/Users/<user>/Downloads/LC103/Source/LV3_1/103f_cal.llb: Storing block b'CPRF' section 96 binary in '/Users/<user>/LC103/decompile_v1.53/lv_extract/lv3_1/DA_TEST.vi'
/Users/<user>/Downloads/LC103/Source/LV3_1/103f_cal.llb: Storing block b'CPRF' section 97 binary in '/Users/<user>/LC103/decompile_v1.53/lv_extract/lv3_1/Read Lines From File.vi'
/Users/<user>/Downloads/LC103/Source/LV3_1/103f_cal.llb: Storing block b'CPRF' section 98 binary in '/Users/<user>/LC103/decompile_v1.53/lv_extract/lv3_1/VER#_SAV.vi'
/Users/<user>/Downloads/LC103/Source/LV3_1/103f_cal.llb: Storing block b'CPRF' section 99 binary in '/Users/<user>/LC103/decompile_v1.53/lv_extract/lv3_1/IND_CAL.vi'
/Users/<user>/Downloads/LC103/Source/LV3_1/103f_cal.llb: Storing block b'CPRF' section 100 binary in '/Users/<user>/LC103/decompile_v1.53/lv_extract/lv3_1/CAP_CAL.vi'
/Users/<user>/Downloads/LC103/Source/LV3_1/103f_cal.llb: Storing block b'CPRF' section 101 binary in '/Users/<user>/LC103/decompile_v1.53/lv_extract/lv3_1/103FINAL.vi'
/Users/<user>/Downloads/LC103/Source/LV3_1/103f_cal.llb: Storing block b'CPRF' section 102 binary in '/Users/<user>/LC103/decompile_v1.53/lv_extract/lv3_1/test.vi'
/Users/<user>/Downloads/LC103/Source/LV3_1/103f_cal.llb: Writing block b'STR#'
/Users/<user>/Downloads/LC103/Source/LV3_1/103f_cal.llb: Writing inline XML for block b'STR#' section 3
/Users/<user>/Downloads/LC103/Source/LV3_1/103f_cal.llb: Writing inline XML for block b'STR#' section 4
/Users/<user>/Downloads/LC103/Source/LV3_1/103f_cal.llb: Writing inline XML for block b'STR#' section 5
/Users/<user>/Downloads/LC103/Source/LV3_1/103f_cal.llb: Writing inline XML for block b'STR#' section 6
/Users/<user>/Downloads/LC103/Source/LV3_1/103f_cal.llb: Writing inline XML for block b'STR#' section 7
/Users/<user>/Downloads/LC103/Source/LV3_1/103f_cal.llb: Writing inline XML for block b'STR#' section 8
/Users/<user>/Downloads/LC103/Source/LV3_1/103f_cal.llb: Writing inline XML for block b'STR#' section 9
/Users/<user>/Downloads/LC103/Source/LV3_1/103f_cal.llb: Writing inline XML for block b'STR#' section 10
/Users/<user>/Downloads/LC103/Source/LV3_1/103f_cal.llb: Writing inline XML for block b'STR#' section 11
/Users/<user>/Downloads/LC103/Source/LV3_1/103f_cal.llb: Writing inline XML for block b'STR#' section 12
/Users/<user>/Downloads/LC103/Source/LV3_1/103f_cal.llb: Writing inline XML for block b'STR#' section 13
/Users/<user>/Downloads/LC103/Source/LV3_1/103f_cal.llb: Writing inline XML for block b'STR#' section 14
/Users/<user>/Downloads/LC103/Source/LV3_1/103f_cal.llb: Writing inline XML for block b'STR#' section 15
/Users/<user>/Downloads/LC103/Source/LV3_1/103f_cal.llb: Writing inline XML for block b'STR#' section 16
/Users/<user>/Downloads/LC103/Source/LV3_1/103f_cal.llb: Writing inline XML for block b'STR#' section 17
/Users/<user>/Downloads/LC103/Source/LV3_1/103f_cal.llb: Writing inline XML for block b'STR#' section 18
/Users/<user>/Downloads/LC103/Source/LV3_1/103f_cal.llb: Writing inline XML for block b'STR#' section 19
/Users/<user>/Downloads/LC103/Source/LV3_1/103f_cal.llb: Writing inline XML for block b'STR#' section 20
/Users/<user>/Downloads/LC103/Source/LV3_1/103f_cal.llb: Writing inline XML for block b'STR#' section 21
/Users/<user>/Downloads/LC103/Source/LV3_1/103f_cal.llb: Writing inline XML for block b'STR#' section 22
/Users/<user>/Downloads/LC103/Source/LV3_1/103f_cal.llb: Writing inline XML for block b'STR#' section 23
/Users/<user>/Downloads/LC103/Source/LV3_1/103f_cal.llb: Writing inline XML for block b'STR#' section 24
/Users/<user>/Downloads/LC103/Source/LV3_1/103f_cal.llb: Writing inline XML for block b'STR#' section 25
/Users/<user>/Downloads/LC103/Source/LV3_1/103f_cal.llb: Writing inline XML for block b'STR#' section 26
/Users/<user>/Downloads/LC103/Source/LV3_1/103f_cal.llb: Writing inline XML for block b'STR#' section 27
/Users/<user>/Downloads/LC103/Source/LV3_1/103f_cal.llb: Writing inline XML for block b'STR#' section 28
/Users/<user>/Downloads/LC103/Source/LV3_1/103f_cal.llb: Writing inline XML for block b'STR#' section 29
/Users/<user>/Downloads/LC103/Source/LV3_1/103f_cal.llb: Writing inline XML for block b'STR#' section 30
/Users/<user>/Downloads/LC103/Source/LV3_1/103f_cal.llb: Writing inline XML for block b'STR#' section 31
/Users/<user>/Downloads/LC103/Source/LV3_1/103f_cal.llb: Writing inline XML for block b'STR#' section 32
/Users/<user>/Downloads/LC103/Source/LV3_1/103f_cal.llb: Writing inline XML for block b'STR#' section 33
/Users/<user>/Downloads/LC103/Source/LV3_1/103f_cal.llb: Writing inline XML for block b'STR#' section 34
/Users/<user>/Downloads/LC103/Source/LV3_1/103f_cal.llb: Writing inline XML for block b'STR#' section 35
/Users/<user>/Downloads/LC103/Source/LV3_1/103f_cal.llb: Writing inline XML for block b'STR#' section 36
/Users/<user>/Downloads/LC103/Source/LV3_1/103f_cal.llb: Writing inline XML for block b'STR#' section 37
/Users/<user>/Downloads/LC103/Source/LV3_1/103f_cal.llb: Writing inline XML for block b'STR#' section 38
/Users/<user>/Downloads/LC103/Source/LV3_1/103f_cal.llb: Writing inline XML for block b'STR#' section 39
/Users/<user>/Downloads/LC103/Source/LV3_1/103f_cal.llb: Writing inline XML for block b'STR#' section 40
/Users/<user>/Downloads/LC103/Source/LV3_1/103f_cal.llb: Writing inline XML for block b'STR#' section 41
/Users/<user>/Downloads/LC103/Source/LV3_1/103f_cal.llb: Writing inline XML for block b'STR#' section 42
/Users/<user>/Downloads/LC103/Source/LV3_1/103f_cal.llb: Writing inline XML for block b'STR#' section 43
/Users/<user>/Downloads/LC103/Source/LV3_1/103f_cal.llb: Writing inline XML for block b'STR#' section 44
/Users/<user>/Downloads/LC103/Source/LV3_1/103f_cal.llb: Writing inline XML for block b'STR#' section 45
/Users/<user>/Downloads/LC103/Source/LV3_1/103f_cal.llb: Writing inline XML for block b'STR#' section 46
/Users/<user>/Downloads/LC103/Source/LV3_1/103f_cal.llb: Writing inline XML for block b'STR#' section 47
/Users/<user>/Downloads/LC103/Source/LV3_1/103f_cal.llb: Writing inline XML for block b'STR#' section 48
/Users/<user>/Downloads/LC103/Source/LV3_1/103f_cal.llb: Writing inline XML for block b'STR#' section 49
/Users/<user>/Downloads/LC103/Source/LV3_1/103f_cal.llb: Writing inline XML for block b'STR#' section 50
/Users/<user>/Downloads/LC103/Source/LV3_1/103f_cal.llb: Writing inline XML for block b'STR#' section 51
/Users/<user>/Downloads/LC103/Source/LV3_1/103f_cal.llb: Writing inline XML for block b'STR#' section 52
/Users/<user>/Downloads/LC103/Source/LV3_1/103f_cal.llb: Writing inline XML for block b'STR#' section 53
/Users/<user>/Downloads/LC103/Source/LV3_1/103f_cal.llb: Writing inline XML for block b'STR#' section 54
/Users/<user>/Downloads/LC103/Source/LV3_1/103f_cal.llb: Writing inline XML for block b'STR#' section 55
/Users/<user>/Downloads/LC103/Source/LV3_1/103f_cal.llb: Writing inline XML for block b'STR#' section 56
/Users/<user>/Downloads/LC103/Source/LV3_1/103f_cal.llb: Writing inline XML for block b'STR#' section 57
/Users/<user>/Downloads/LC103/Source/LV3_1/103f_cal.llb: Writing inline XML for block b'STR#' section 58
/Users/<user>/Downloads/LC103/Source/LV3_1/103f_cal.llb: Writing inline XML for block b'STR#' section 59
/Users/<user>/Downloads/LC103/Source/LV3_1/103f_cal.llb: Writing inline XML for block b'STR#' section 60
/Users/<user>/Downloads/LC103/Source/LV3_1/103f_cal.llb: Writing inline XML for block b'STR#' section 61
/Users/<user>/Downloads/LC103/Source/LV3_1/103f_cal.llb: Writing inline XML for block b'STR#' section 62
/Users/<user>/Downloads/LC103/Source/LV3_1/103f_cal.llb: Writing inline XML for block b'STR#' section 63
/Users/<user>/Downloads/LC103/Source/LV3_1/103f_cal.llb: Writing inline XML for block b'STR#' section 64
/Users/<user>/Downloads/LC103/Source/LV3_1/103f_cal.llb: Writing inline XML for block b'STR#' section 65
/Users/<user>/Downloads/LC103/Source/LV3_1/103f_cal.llb: Writing inline XML for block b'STR#' section 66
/Users/<user>/Downloads/LC103/Source/LV3_1/103f_cal.llb: Writing inline XML for block b'STR#' section 67
/Users/<user>/Downloads/LC103/Source/LV3_1/103f_cal.llb: Writing inline XML for block b'STR#' section 68
/Users/<user>/Downloads/LC103/Source/LV3_1/103f_cal.llb: Writing inline XML for block b'STR#' section 69
/Users/<user>/Downloads/LC103/Source/LV3_1/103f_cal.llb: Writing inline XML for block b'STR#' section 70
/Users/<user>/Downloads/LC103/Source/LV3_1/103f_cal.llb: Writing inline XML for block b'STR#' section 71
/Users/<user>/Downloads/LC103/Source/LV3_1/103f_cal.llb: Writing inline XML for block b'STR#' section 72
/Users/<user>/Downloads/LC103/Source/LV3_1/103f_cal.llb: Writing inline XML for block b'STR#' section 73
/Users/<user>/Downloads/LC103/Source/LV3_1/103f_cal.llb: Writing inline XML for block b'STR#' section 74
/Users/<user>/Downloads/LC103/Source/LV3_1/103f_cal.llb: Writing inline XML for block b'STR#' section 75
/Users/<user>/Downloads/LC103/Source/LV3_1/103f_cal.llb: Writing inline XML for block b'STR#' section 76
/Users/<user>/Downloads/LC103/Source/LV3_1/103f_cal.llb: Writing inline XML for block b'STR#' section 77
/Users/<user>/Downloads/LC103/Source/LV3_1/103f_cal.llb: Writing inline XML for block b'STR#' section 78
/Users/<user>/Downloads/LC103/Source/LV3_1/103f_cal.llb: Writing inline XML for block b'STR#' section 79
/Users/<user>/Downloads/LC103/Source/LV3_1/103f_cal.llb: Writing inline XML for block b'STR#' section 80
/Users/<user>/Downloads/LC103/Source/LV3_1/103f_cal.llb: Writing inline XML for block b'STR#' section 81
/Users/<user>/Downloads/LC103/Source/LV3_1/103f_cal.llb: Writing inline XML for block b'STR#' section 82
/Users/<user>/Downloads/LC103/Source/LV3_1/103f_cal.llb: Writing inline XML for block b'STR#' section 83
/Users/<user>/Downloads/LC103/Source/LV3_1/103f_cal.llb: Writing inline XML for block b'STR#' section 84
/Users/<user>/Downloads/LC103/Source/LV3_1/103f_cal.llb: Writing inline XML for block b'STR#' section 85
/Users/<user>/Downloads/LC103/Source/LV3_1/103f_cal.llb: Writing inline XML for block b'STR#' section 86
/Users/<user>/Downloads/LC103/Source/LV3_1/103f_cal.llb: Writing inline XML for block b'STR#' section 87
/Users/<user>/Downloads/LC103/Source/LV3_1/103f_cal.llb: Writing inline XML for block b'STR#' section 88
/Users/<user>/Downloads/LC103/Source/LV3_1/103f_cal.llb: Writing inline XML for block b'STR#' section 89
/Users/<user>/Downloads/LC103/Source/LV3_1/103f_cal.llb: Writing inline XML for block b'STR#' section 90
/Users/<user>/Downloads/LC103/Source/LV3_1/103f_cal.llb: Writing inline XML for block b'STR#' section 91
/Users/<user>/Downloads/LC103/Source/LV3_1/103f_cal.llb: Writing inline XML for block b'STR#' section 92
/Users/<user>/Downloads/LC103/Source/LV3_1/103f_cal.llb: Writing inline XML for block b'STR#' section 93
/Users/<user>/Downloads/LC103/Source/LV3_1/103f_cal.llb: Writing inline XML for block b'STR#' section 94
/Users/<user>/Downloads/LC103/Source/LV3_1/103f_cal.llb: Writing inline XML for block b'STR#' section 95
/Users/<user>/Downloads/LC103/Source/LV3_1/103f_cal.llb: Writing inline XML for block b'STR#' section 96
/Users/<user>/Downloads/LC103/Source/LV3_1/103f_cal.llb: Writing inline XML for block b'STR#' section 97
/Users/<user>/Downloads/LC103/Source/LV3_1/103f_cal.llb: Writing inline XML for block b'STR#' section 98
/Users/<user>/Downloads/LC103/Source/LV3_1/103f_cal.llb: Writing inline XML for block b'STR#' section 99
/Users/<user>/Downloads/LC103/Source/LV3_1/103f_cal.llb: Writing inline XML for block b'STR#' section 100
/Users/<user>/Downloads/LC103/Source/LV3_1/103f_cal.llb: Writing inline XML for block b'STR#' section 101
/Users/<user>/Downloads/LC103/Source/LV3_1/103f_cal.llb: Writing inline XML for block b'STR#' section 102
/Users/<user>/Downloads/LC103/Source/LV3_1/103f_cal.llb: Writing block b'ICON'
/Users/<user>/Downloads/LC103/Source/LV3_1/103f_cal.llb: Writing Image file for block b'ICON' section 3
/Users/<user>/Downloads/LC103/Source/LV3_1/103f_cal.llb: Storing block b'ICON' section 3 image in '/Users/<user>/LC103/decompile_v1.53/lv_extract/lv3_1/INSTR_WT_ICON3.png'
/Users/<user>/Downloads/LC103/Source/LV3_1/103f_cal.llb: Writing Image file for block b'ICON' section 4
/Users/<user>/Downloads/LC103/Source/LV3_1/103f_cal.llb: Storing block b'ICON' section 4 image in '/Users/<user>/LC103/decompile_v1.53/lv_extract/lv3_1/Open-Create-Replace File_ICON4.png'
/Users/<user>/Downloads/LC103/Source/LV3_1/103f_cal.llb: Writing Image file for block b'ICON' section 5
/Users/<user>/Downloads/LC103/Source/LV3_1/103f_cal.llb: Storing block b'ICON' section 5 image in '/Users/<user>/LC103/decompile_v1.53/lv_extract/lv3_1/Write File+ (string)_ICON5.png'
/Users/<user>/Downloads/LC103/Source/LV3_1/103f_cal.llb: Writing Image file for block b'ICON' section 6
/Users/<user>/Downloads/LC103/Source/LV3_1/103f_cal.llb: Storing block b'ICON' section 6 image in '/Users/<user>/LC103/decompile_v1.53/lv_extract/lv3_1/GET_PATH_ICON6.png'
/Users/<user>/Downloads/LC103/Source/LV3_1/103f_cal.llb: Writing Image file for block b'ICON' section 7
/Users/<user>/Downloads/LC103/Source/LV3_1/103f_cal.llb: Storing block b'ICON' section 7 image in '/Users/<user>/LC103/decompile_v1.53/lv_extract/lv3_1/Serial Port Reset_ICON7.png'
/Users/<user>/Downloads/LC103/Source/LV3_1/103f_cal.llb: Writing Image file for block b'ICON' section 8
/Users/<user>/Downloads/LC103/Source/LV3_1/103f_cal.llb: Storing block b'ICON' section 8 image in '/Users/<user>/LC103/decompile_v1.53/lv_extract/lv3_1/Serial Port Buffer Size_ICON8.png'
/Users/<user>/Downloads/LC103/Source/LV3_1/103f_cal.llb: Writing Image file for block b'ICON' section 9
/Users/<user>/Downloads/LC103/Source/LV3_1/103f_cal.llb: Storing block b'ICON' section 9 image in '/Users/<user>/LC103/decompile_v1.53/lv_extract/lv3_1/WSrd_ICON9.png'
/Users/<user>/Downloads/LC103/Source/LV3_1/103f_cal.llb: Writing Image file for block b'ICON' section 10
/Users/<user>/Downloads/LC103/Source/LV3_1/103f_cal.llb: Storing block b'ICON' section 10 image in '/Users/<user>/LC103/decompile_v1.53/lv_extract/lv3_1/WSwrt_ICON10.png'
/Users/<user>/Downloads/LC103/Source/LV3_1/103f_cal.llb: Writing Image file for block b'ICON' section 11
/Users/<user>/Downloads/LC103/Source/LV3_1/103f_cal.llb: Storing block b'ICON' section 11 image in '/Users/<user>/LC103/decompile_v1.53/lv_extract/lv3_1/4882TMO_ICON11.png'
/Users/<user>/Downloads/LC103/Source/LV3_1/103f_cal.llb: Writing Image file for block b'ICON' section 12
/Users/<user>/Downloads/LC103/Source/LV3_1/103f_cal.llb: Storing block b'ICON' section 12 image in '/Users/<user>/LC103/decompile_v1.53/lv_extract/lv3_1/platGlob_ICON12.png'
/Users/<user>/Downloads/LC103/Source/LV3_1/103f_cal.llb: Writing Image file for block b'ICON' section 13
/Users/<user>/Downloads/LC103/Source/LV3_1/103f_cal.llb: Storing block b'ICON' section 13 image in '/Users/<user>/LC103/decompile_v1.53/lv_extract/lv3_1/Open GPIB Driver_ICON13.png'
/Users/<user>/Downloads/LC103/Source/LV3_1/103f_cal.llb: Writing Image file for block b'ICON' section 14
/Users/<user>/Downloads/LC103/Source/LV3_1/103f_cal.llb: Storing block b'ICON' section 14 image in '/Users/<user>/LC103/decompile_v1.53/lv_extract/lv3_1/Core GPIB Read_ICON14.png'
/Users/<user>/Downloads/LC103/Source/LV3_1/103f_cal.llb: Writing Image file for block b'ICON' section 15
/Users/<user>/Downloads/LC103/Source/LV3_1/103f_cal.llb: Storing block b'ICON' section 15 image in '/Users/<user>/LC103/decompile_v1.53/lv_extract/lv3_1/Receive_ICON15.png'
/Users/<user>/Downloads/LC103/Source/LV3_1/103f_cal.llb: Writing Image file for block b'ICON' section 16
/Users/<user>/Downloads/LC103/Source/LV3_1/103f_cal.llb: Storing block b'ICON' section 16 image in '/Users/<user>/LC103/decompile_v1.53/lv_extract/lv3_1/Core GPIB Write_ICON16.png'
/Users/<user>/Downloads/LC103/Source/LV3_1/103f_cal.llb: Writing Image file for block b'ICON' section 17
/Users/<user>/Downloads/LC103/Source/LV3_1/103f_cal.llb: Storing block b'ICON' section 17 image in '/Users/<user>/LC103/decompile_v1.53/lv_extract/lv3_1/Send_ICON17.png'
/Users/<user>/Downloads/LC103/Source/LV3_1/103f_cal.llb: Writing Image file for block b'ICON' section 18
/Users/<user>/Downloads/LC103/Source/LV3_1/103f_cal.llb: Storing block b'ICON' section 18 image in '/Users/<user>/LC103/decompile_v1.53/lv_extract/lv3_1/Instr Read Model Code (GPIB-VXI)_ICON18.png'
/Users/<user>/Downloads/LC103/Source/LV3_1/103f_cal.llb: Writing Image file for block b'ICON' section 19
/Users/<user>/Downloads/LC103/Source/LV3_1/103f_cal.llb: Storing block b'ICON' section 19 image in '/Users/<user>/LC103/decompile_v1.53/lv_extract/lv3_1/GetDevInfoLong_ICON19.png'
/Users/<user>/Downloads/LC103/Source/LV3_1/103f_cal.llb: Writing Image file for block b'ICON' section 20
/Users/<user>/Downloads/LC103/Source/LV3_1/103f_cal.llb: Storing block b'ICON' section 20 image in '/Users/<user>/LC103/decompile_v1.53/lv_extract/lv3_1/GetDevInfoShort_ICON20.png'
/Users/<user>/Downloads/LC103/Source/LV3_1/103f_cal.llb: Writing Image file for block b'ICON' section 21
/Users/<user>/Downloads/LC103/Source/LV3_1/103f_cal.llb: Storing block b'ICON' section 21 image in '/Users/<user>/LC103/decompile_v1.53/lv_extract/lv3_1/InitVXIlibrary_ICON21.png'
/Users/<user>/Downloads/LC103/Source/LV3_1/103f_cal.llb: Writing Image file for block b'ICON' section 22
/Users/<user>/Downloads/LC103/Source/LV3_1/103f_cal.llb: Storing block b'ICON' section 22 image in '/Users/<user>/LC103/decompile_v1.53/lv_extract/lv3_1/Instr Handle Control_ICON22.png'
/Users/<user>/Downloads/LC103/Source/LV3_1/103f_cal.llb: Writing Image file for block b'ICON' section 23
/Users/<user>/Downloads/LC103/Source/LV3_1/103f_cal.llb: Storing block b'ICON' section 23 image in '/Users/<user>/LC103/decompile_v1.53/lv_extract/lv3_1/VTL Global_ICON23.png'
/Users/<user>/Downloads/LC103/Source/LV3_1/103f_cal.llb: Writing Image file for block b'ICON' section 24
/Users/<user>/Downloads/LC103/Source/LV3_1/103f_cal.llb: Storing block b'ICON' section 24 image in '/Users/<user>/LC103/decompile_v1.53/lv_extract/lv3_1/Instr Error Out Cluster_ICON24.png'
/Users/<user>/Downloads/LC103/Source/LV3_1/103f_cal.llb: Writing Image file for block b'ICON' section 25
/Users/<user>/Downloads/LC103/Source/LV3_1/103f_cal.llb: Storing block b'ICON' section 25 image in '/Users/<user>/LC103/decompile_v1.53/lv_extract/lv3_1/Instr Error In Cluster_ICON25.png'
/Users/<user>/Downloads/LC103/Source/LV3_1/103f_cal.llb: Writing Image file for block b'ICON' section 26
/Users/<user>/Downloads/LC103/Source/LV3_1/103f_cal.llb: Storing block b'ICON' section 26 image in '/Users/<user>/LC103/decompile_v1.53/lv_extract/lv3_1/Instr Source_ICON26.png'
/Users/<user>/Downloads/LC103/Source/LV3_1/103f_cal.llb: Writing Image file for block b'ICON' section 27
/Users/<user>/Downloads/LC103/Source/LV3_1/103f_cal.llb: Storing block b'ICON' section 27 image in '/Users/<user>/LC103/decompile_v1.53/lv_extract/lv3_1/Instr Handle Indicator_ICON27.png'
/Users/<user>/Downloads/LC103/Source/LV3_1/103f_cal.llb: Writing Image file for block b'ICON' section 28
/Users/<user>/Downloads/LC103/Source/LV3_1/103f_cal.llb: Storing block b'ICON' section 28 image in '/Users/<user>/LC103/decompile_v1.53/lv_extract/lv3_1/Instr Read_ICON28.png'
/Users/<user>/Downloads/LC103/Source/LV3_1/103f_cal.llb: Writing Image file for block b'ICON' section 29
/Users/<user>/Downloads/LC103/Source/LV3_1/103f_cal.llb: Storing block b'ICON' section 29 image in '/Users/<user>/LC103/decompile_v1.53/lv_extract/lv3_1/Instr Write_ICON29.png'
/Users/<user>/Downloads/LC103/Source/LV3_1/103f_cal.llb: Writing Image file for block b'ICON' section 30
/Users/<user>/Downloads/LC103/Source/LV3_1/103f_cal.llb: Storing block b'ICON' section 30 image in '/Users/<user>/LC103/decompile_v1.53/lv_extract/lv3_1/Fluke 8840A_ICON30.png'
/Users/<user>/Downloads/LC103/Source/LV3_1/103f_cal.llb: Writing Image file for block b'ICON' section 31
/Users/<user>/Downloads/LC103/Source/LV3_1/103f_cal.llb: Storing block b'ICON' section 31 image in '/Users/<user>/LC103/decompile_v1.53/lv_extract/lv3_1/MakeAddr_ICON31.png'
/Users/<user>/Downloads/LC103/Source/LV3_1/103f_cal.llb: Writing Image file for block b'ICON' section 32
/Users/<user>/Downloads/LC103/Source/LV3_1/103f_cal.llb: Storing block b'ICON' section 32 image in '/Users/<user>/LC103/decompile_v1.53/lv_extract/lv3_1/Instr Initialize Interface_ICON32.png'
/Users/<user>/Downloads/LC103/Source/LV3_1/103f_cal.llb: Writing Image file for block b'ICON' section 33
/Users/<user>/Downloads/LC103/Source/LV3_1/103f_cal.llb: Storing block b'ICON' section 33 image in '/Users/<user>/LC103/decompile_v1.53/lv_extract/lv3_1/Instr Parse Instrument Descriptor_ICON33.png'
/Users/<user>/Downloads/LC103/Source/LV3_1/103f_cal.llb: Writing Image file for block b'ICON' section 34
/Users/<user>/Downloads/LC103/Source/LV3_1/103f_cal.llb: Storing block b'ICON' section 34 image in '/Users/<user>/LC103/decompile_v1.53/lv_extract/lv3_1/Instr Open_ICON34.png'
/Users/<user>/Downloads/LC103/Source/LV3_1/103f_cal.llb: Writing Image file for block b'ICON' section 35
/Users/<user>/Downloads/LC103/Source/LV3_1/103f_cal.llb: Storing block b'ICON' section 35 image in '/Users/<user>/LC103/decompile_v1.53/lv_extract/lv3_1/FL 884XX Initialize_ICON35.png'
/Users/<user>/Downloads/LC103/Source/LV3_1/103f_cal.llb: Writing Image file for block b'ICON' section 36
/Users/<user>/Downloads/LC103/Source/LV3_1/103f_cal.llb: Storing block b'ICON' section 36 image in '/Users/<user>/LC103/decompile_v1.53/lv_extract/lv3_1/RD8840A_ICON36.png'
/Users/<user>/Downloads/LC103/Source/LV3_1/103f_cal.llb: Writing Image file for block b'ICON' section 37
/Users/<user>/Downloads/LC103/Source/LV3_1/103f_cal.llb: Storing block b'ICON' section 37 image in '/Users/<user>/LC103/decompile_v1.53/lv_extract/lv3_1/DIO Port Write_ICON37.png'
/Users/<user>/Downloads/LC103/Source/LV3_1/103f_cal.llb: Writing Image file for block b'ICON' section 38
/Users/<user>/Downloads/LC103/Source/LV3_1/103f_cal.llb: Storing block b'ICON' section 38 image in '/Users/<user>/LC103/decompile_v1.53/lv_extract/lv3_1/DIO Port Read_ICON38.png'
/Users/<user>/Downloads/LC103/Source/LV3_1/103f_cal.llb: Writing Image file for block b'ICON' section 39
/Users/<user>/Downloads/LC103/Source/LV3_1/103f_cal.llb: Storing block b'ICON' section 39 image in '/Users/<user>/LC103/decompile_v1.53/lv_extract/lv3_1/DIO Port Config_ICON39.png'
/Users/<user>/Downloads/LC103/Source/LV3_1/103f_cal.llb: Writing Image file for block b'ICON' section 40
/Users/<user>/Downloads/LC103/Source/LV3_1/103f_cal.llb: Storing block b'ICON' section 40 image in '/Users/<user>/LC103/decompile_v1.53/lv_extract/lv3_1/COMP_CF_ICON40.png'
/Users/<user>/Downloads/LC103/Source/LV3_1/103f_cal.llb: Writing Image file for block b'ICON' section 41
/Users/<user>/Downloads/LC103/Source/LV3_1/103f_cal.llb: Storing block b'ICON' section 41 image in '/Users/<user>/LC103/decompile_v1.53/lv_extract/lv3_1/WAIT_ICON41.png'
/Users/<user>/Downloads/LC103/Source/LV3_1/103f_cal.llb: Writing Image file for block b'ICON' section 42
/Users/<user>/Downloads/LC103/Source/LV3_1/103f_cal.llb: Storing block b'ICON' section 42 image in '/Users/<user>/LC103/decompile_v1.53/lv_extract/lv3_1/Beep_ICON42.png'
/Users/<user>/Downloads/LC103/Source/LV3_1/103f_cal.llb: Writing Image file for block b'ICON' section 43
/Users/<user>/Downloads/LC103/Source/LV3_1/103f_cal.llb: Storing block b'ICON' section 43 image in '/Users/<user>/LC103/decompile_v1.53/lv_extract/lv3_1/APRX_EQL_ICON43.png'
/Users/<user>/Downloads/LC103/Source/LV3_1/103f_cal.llb: Writing Image file for block b'ICON' section 44
/Users/<user>/Downloads/LC103/Source/LV3_1/103f_cal.llb: Storing block b'ICON' section 44 image in '/Users/<user>/LC103/decompile_v1.53/lv_extract/lv3_1/GlobStat_ICON44.png'
/Users/<user>/Downloads/LC103/Source/LV3_1/103f_cal.llb: Writing Image file for block b'ICON' section 45
/Users/<user>/Downloads/LC103/Source/LV3_1/103f_cal.llb: Storing block b'ICON' section 45 image in '/Users/<user>/LC103/decompile_v1.53/lv_extract/lv3_1/STARTCHK_ICON45.png'
/Users/<user>/Downloads/LC103/Source/LV3_1/103f_cal.llb: Writing Image file for block b'ICON' section 46
/Users/<user>/Downloads/LC103/Source/LV3_1/103f_cal.llb: Storing block b'ICON' section 46 image in '/Users/<user>/LC103/decompile_v1.53/lv_extract/lv3_1/CAL_MODE_ICON46.png'
/Users/<user>/Downloads/LC103/Source/LV3_1/103f_cal.llb: Writing Image file for block b'ICON' section 47
/Users/<user>/Downloads/LC103/Source/LV3_1/103f_cal.llb: Storing block b'ICON' section 47 image in '/Users/<user>/LC103/decompile_v1.53/lv_extract/lv3_1/ABORT-_ICON47.png'
/Users/<user>/Downloads/LC103/Source/LV3_1/103f_cal.llb: Writing Image file for block b'ICON' section 48
/Users/<user>/Downloads/LC103/Source/LV3_1/103f_cal.llb: Storing block b'ICON' section 48 image in '/Users/<user>/LC103/decompile_v1.53/lv_extract/lv3_1/IST_WT_A_ICON48.png'
/Users/<user>/Downloads/LC103/Source/LV3_1/103f_cal.llb: Writing Image file for block b'ICON' section 49
/Users/<user>/Downloads/LC103/Source/LV3_1/103f_cal.llb: Storing block b'ICON' section 49 image in '/Users/<user>/LC103/decompile_v1.53/lv_extract/lv3_1/Standard Deviation_ICON49.png'
/Users/<user>/Downloads/LC103/Source/LV3_1/103f_cal.llb: Writing Image file for block b'ICON' section 50
/Users/<user>/Downloads/LC103/Source/LV3_1/103f_cal.llb: Storing block b'ICON' section 50 image in '/Users/<user>/LC103/decompile_v1.53/lv_extract/lv3_1/serpConfig_ICON50.png'
/Users/<user>/Downloads/LC103/Source/LV3_1/103f_cal.llb: Writing Image file for block b'ICON' section 51
/Users/<user>/Downloads/LC103/Source/LV3_1/103f_cal.llb: Storing block b'ICON' section 51 image in '/Users/<user>/LC103/decompile_v1.53/lv_extract/lv3_1/serpOpen_ICON51.png'
/Users/<user>/Downloads/LC103/Source/LV3_1/103f_cal.llb: Writing Image file for block b'ICON' section 52
/Users/<user>/Downloads/LC103/Source/LV3_1/103f_cal.llb: Storing block b'ICON' section 52 image in '/Users/<user>/LC103/decompile_v1.53/lv_extract/lv3_1/Open Serial Driver_ICON52.png'
/Users/<user>/Downloads/LC103/Source/LV3_1/103f_cal.llb: Writing Image file for block b'ICON' section 53
/Users/<user>/Downloads/LC103/Source/LV3_1/103f_cal.llb: Storing block b'ICON' section 53 image in '/Users/<user>/LC103/decompile_v1.53/lv_extract/lv3_1/Serial Port Init_ICON53.png'
/Users/<user>/Downloads/LC103/Source/LV3_1/103f_cal.llb: Writing Image file for block b'ICON' section 54
/Users/<user>/Downloads/LC103/Source/LV3_1/103f_cal.llb: Storing block b'ICON' section 54 image in '/Users/<user>/LC103/decompile_v1.53/lv_extract/lv3_1/Serial Port Write_ICON54.png'
/Users/<user>/Downloads/LC103/Source/LV3_1/103f_cal.llb: Writing Image file for block b'ICON' section 55
/Users/<user>/Downloads/LC103/Source/LV3_1/103f_cal.llb: Storing block b'ICON' section 55 image in '/Users/<user>/LC103/decompile_v1.53/lv_extract/lv3_1/Serial Port Read_ICON55.png'
/Users/<user>/Downloads/LC103/Source/LV3_1/103f_cal.llb: Writing Image file for block b'ICON' section 56
/Users/<user>/Downloads/LC103/Source/LV3_1/103f_cal.llb: Storing block b'ICON' section 56 image in '/Users/<user>/LC103/decompile_v1.53/lv_extract/lv3_1/Bytes At Serial Port_ICON56.png'
/Users/<user>/Downloads/LC103/Source/LV3_1/103f_cal.llb: Writing Image file for block b'ICON' section 57
/Users/<user>/Downloads/LC103/Source/LV3_1/103f_cal.llb: Storing block b'ICON' section 57 image in '/Users/<user>/LC103/decompile_v1.53/lv_extract/lv3_1/String Write_ICON57.png'
/Users/<user>/Downloads/LC103/Source/LV3_1/103f_cal.llb: Writing Image file for block b'ICON' section 58
/Users/<user>/Downloads/LC103/Source/LV3_1/103f_cal.llb: Storing block b'ICON' section 58 image in '/Users/<user>/LC103/decompile_v1.53/lv_extract/lv3_1/String Read_ICON58.png'
/Users/<user>/Downloads/LC103/Source/LV3_1/103f_cal.llb: Writing Image file for block b'ICON' section 59
/Users/<user>/Downloads/LC103/Source/LV3_1/103f_cal.llb: Storing block b'ICON' section 59 image in '/Users/<user>/LC103/decompile_v1.53/lv_extract/lv3_1/RS-232 Communications_ICON59.png'
/Users/<user>/Downloads/LC103/Source/LV3_1/103f_cal.llb: Writing Image file for block b'ICON' section 60
/Users/<user>/Downloads/LC103/Source/LV3_1/103f_cal.llb: Storing block b'ICON' section 60 image in '/Users/<user>/LC103/decompile_v1.53/lv_extract/lv3_1/UUT Comm_ICON60.png'
/Users/<user>/Downloads/LC103/Source/LV3_1/103f_cal.llb: Writing Image file for block b'ICON' section 61
/Users/<user>/Downloads/LC103/Source/LV3_1/103f_cal.llb: Storing block b'ICON' section 61 image in '/Users/<user>/LC103/decompile_v1.53/lv_extract/lv3_1/UUT_BEEP_ICON61.png'
/Users/<user>/Downloads/LC103/Source/LV3_1/103f_cal.llb: Writing Image file for block b'ICON' section 62
/Users/<user>/Downloads/LC103/Source/LV3_1/103f_cal.llb: Storing block b'ICON' section 62 image in '/Users/<user>/LC103/decompile_v1.53/lv_extract/lv3_1/LEADSHRT_ICON62.png'
/Users/<user>/Downloads/LC103/Source/LV3_1/103f_cal.llb: Writing Image file for block b'ICON' section 63
/Users/<user>/Downloads/LC103/Source/LV3_1/103f_cal.llb: Storing block b'ICON' section 63 image in '/Users/<user>/LC103/decompile_v1.53/lv_extract/lv3_1/LEADOPEN_ICON63.png'
/Users/<user>/Downloads/LC103/Source/LV3_1/103f_cal.llb: Writing Image file for block b'ICON' section 64
/Users/<user>/Downloads/LC103/Source/LV3_1/103f_cal.llb: Storing block b'ICON' section 64 image in '/Users/<user>/LC103/decompile_v1.53/lv_extract/lv3_1/GET_CF_ICON64.png'
/Users/<user>/Downloads/LC103/Source/LV3_1/103f_cal.llb: Writing Image file for block b'ICON' section 65
/Users/<user>/Downloads/LC103/Source/LV3_1/103f_cal.llb: Storing block b'ICON' section 65 image in '/Users/<user>/LC103/decompile_v1.53/lv_extract/lv3_1/SND_CF&V_ICON65.png'
/Users/<user>/Downloads/LC103/Source/LV3_1/103f_cal.llb: Writing Image file for block b'ICON' section 66
/Users/<user>/Downloads/LC103/Source/LV3_1/103f_cal.llb: Storing block b'ICON' section 66 image in '/Users/<user>/LC103/decompile_v1.53/lv_extract/lv3_1/INDSETUP_ICON66.png'
/Users/<user>/Downloads/LC103/Source/LV3_1/103f_cal.llb: Writing Image file for block b'ICON' section 67
/Users/<user>/Downloads/LC103/Source/LV3_1/103f_cal.llb: Storing block b'ICON' section 67 image in '/Users/<user>/LC103/decompile_v1.53/lv_extract/lv3_1/CAPSETUP_ICON67.png'
/Users/<user>/Downloads/LC103/Source/LV3_1/103f_cal.llb: Writing Image file for block b'ICON' section 68
/Users/<user>/Downloads/LC103/Source/LV3_1/103f_cal.llb: Storing block b'ICON' section 68 image in '/Users/<user>/LC103/decompile_v1.53/lv_extract/lv3_1/EEPROM_ICON68.png'
/Users/<user>/Downloads/LC103/Source/LV3_1/103f_cal.llb: Writing Image file for block b'ICON' section 69
/Users/<user>/Downloads/LC103/Source/LV3_1/103f_cal.llb: Storing block b'ICON' section 69 image in '/Users/<user>/LC103/decompile_v1.53/lv_extract/lv3_1/T_Setup_ICON69.png'
/Users/<user>/Downloads/LC103/Source/LV3_1/103f_cal.llb: Writing Image file for block b'ICON' section 70
/Users/<user>/Downloads/LC103/Source/LV3_1/103f_cal.llb: Storing block b'ICON' section 70 image in '/Users/<user>/LC103/decompile_v1.53/lv_extract/lv3_1/REV_CHK_ICON70.png'
/Users/<user>/Downloads/LC103/Source/LV3_1/103f_cal.llb: Writing Image file for block b'ICON' section 71
/Users/<user>/Downloads/LC103/Source/LV3_1/103f_cal.llb: Storing block b'ICON' section 71 image in '/Users/<user>/LC103/decompile_v1.53/lv_extract/lv3_1/SER_SET_ICON71.png'
/Users/<user>/Downloads/LC103/Source/LV3_1/103f_cal.llb: Writing Image file for block b'ICON' section 72
/Users/<user>/Downloads/LC103/Source/LV3_1/103f_cal.llb: Storing block b'ICON' section 72 image in '/Users/<user>/LC103/decompile_v1.53/lv_extract/lv3_1/EEClear_ICON72.png'
/Users/<user>/Downloads/LC103/Source/LV3_1/103f_cal.llb: Writing Image file for block b'ICON' section 73
/Users/<user>/Downloads/LC103/Source/LV3_1/103f_cal.llb: Storing block b'ICON' section 73 image in '/Users/<user>/LC103/decompile_v1.53/lv_extract/lv3_1/10V_Set_ICON73.png'
/Users/<user>/Downloads/LC103/Source/LV3_1/103f_cal.llb: Writing Image file for block b'ICON' section 74
/Users/<user>/Downloads/LC103/Source/LV3_1/103f_cal.llb: Storing block b'ICON' section 74 image in '/Users/<user>/LC103/decompile_v1.53/lv_extract/lv3_1/Ringer_ICON74.png'
/Users/<user>/Downloads/LC103/Source/LV3_1/103f_cal.llb: Writing Image file for block b'ICON' section 75
/Users/<user>/Downloads/LC103/Source/LV3_1/103f_cal.llb: Storing block b'ICON' section 75 image in '/Users/<user>/LC103/decompile_v1.53/lv_extract/lv3_1/CALSET_ICON75.png'
/Users/<user>/Downloads/LC103/Source/LV3_1/103f_cal.llb: Writing Image file for block b'ICON' section 76
/Users/<user>/Downloads/LC103/Source/LV3_1/103f_cal.llb: Storing block b'ICON' section 76 image in '/Users/<user>/LC103/decompile_v1.53/lv_extract/lv3_1/CALCLEAR_ICON76.png'
/Users/<user>/Downloads/LC103/Source/LV3_1/103f_cal.llb: Writing Image file for block b'ICON' section 77
/Users/<user>/Downloads/LC103/Source/LV3_1/103f_cal.llb: Storing block b'ICON' section 77 image in '/Users/<user>/LC103/decompile_v1.53/lv_extract/lv3_1/Caldate_ICON77.png'
/Users/<user>/Downloads/LC103/Source/LV3_1/103f_cal.llb: Writing Image file for block b'ICON' section 78
/Users/<user>/Downloads/LC103/Source/LV3_1/103f_cal.llb: Storing block b'ICON' section 78 image in '/Users/<user>/LC103/decompile_v1.53/lv_extract/lv3_1/1ST_READ_ICON78.png'
/Users/<user>/Downloads/LC103/Source/LV3_1/103f_cal.llb: Writing Image file for block b'ICON' section 79
/Users/<user>/Downloads/LC103/Source/LV3_1/103f_cal.llb: Storing block b'ICON' section 79 image in '/Users/<user>/LC103/decompile_v1.53/lv_extract/lv3_1/SETLD_RD_ICON79.png'
/Users/<user>/Downloads/LC103/Source/LV3_1/103f_cal.llb: Writing Image file for block b'ICON' section 80
/Users/<user>/Downloads/LC103/Source/LV3_1/103f_cal.llb: Storing block b'ICON' section 80 image in '/Users/<user>/LC103/decompile_v1.53/lv_extract/lv3_1/ESR_CAL_ICON80.png'
/Users/<user>/Downloads/LC103/Source/LV3_1/103f_cal.llb: Writing Image file for block b'ICON' section 81
/Users/<user>/Downloads/LC103/Source/LV3_1/103f_cal.llb: Storing block b'ICON' section 81 image in '/Users/<user>/LC103/decompile_v1.53/lv_extract/lv3_1/Open File+_ICON81.png'
/Users/<user>/Downloads/LC103/Source/LV3_1/103f_cal.llb: Writing Image file for block b'ICON' section 82
/Users/<user>/Downloads/LC103/Source/LV3_1/103f_cal.llb: Storing block b'ICON' section 82 image in '/Users/<user>/LC103/decompile_v1.53/lv_extract/lv3_1/Find First Error_ICON82.png'
/Users/<user>/Downloads/LC103/Source/LV3_1/103f_cal.llb: Writing Image file for block b'ICON' section 83
/Users/<user>/Downloads/LC103/Source/LV3_1/103f_cal.llb: Storing block b'ICON' section 83 image in '/Users/<user>/LC103/decompile_v1.53/lv_extract/lv3_1/Close File+_ICON83.png'
/Users/<user>/Downloads/LC103/Source/LV3_1/103f_cal.llb: Writing Image file for block b'ICON' section 84
/Users/<user>/Downloads/LC103/Source/LV3_1/103f_cal.llb: Storing block b'ICON' section 84 image in '/Users/<user>/LC103/decompile_v1.53/lv_extract/lv3_1/Read File+ (string)_ICON84.png'
/Users/<user>/Downloads/LC103/Source/LV3_1/103f_cal.llb: Writing Image file for block b'ICON' section 85
/Users/<user>/Downloads/LC103/Source/LV3_1/103f_cal.llb: Storing block b'ICON' section 85 image in '/Users/<user>/LC103/decompile_v1.53/lv_extract/lv3_1/General Error Handler_ICON85.png'
/Users/<user>/Downloads/LC103/Source/LV3_1/103f_cal.llb: Writing Image file for block b'ICON' section 86
/Users/<user>/Downloads/LC103/Source/LV3_1/103f_cal.llb: Storing block b'ICON' section 86 image in '/Users/<user>/LC103/decompile_v1.53/lv_extract/lv3_1/Write Characters To File_ICON86.png'
/Users/<user>/Downloads/LC103/Source/LV3_1/103f_cal.llb: Writing Image file for block b'ICON' section 87
/Users/<user>/Downloads/LC103/Source/LV3_1/103f_cal.llb: Storing block b'ICON' section 87 image in '/Users/<user>/LC103/decompile_v1.53/lv_extract/lv3_1/Write to Digital Port _ICON87.png'
/Users/<user>/Downloads/LC103/Source/LV3_1/103f_cal.llb: Writing Image file for block b'ICON' section 88
/Users/<user>/Downloads/LC103/Source/LV3_1/103f_cal.llb: Storing block b'ICON' section 88 image in '/Users/<user>/LC103/decompile_v1.53/lv_extract/lv3_1/Read from Digital Port_ICON88.png'
/Users/<user>/Downloads/LC103/Source/LV3_1/103f_cal.llb: Writing Image file for block b'ICON' section 89
/Users/<user>/Downloads/LC103/Source/LV3_1/103f_cal.llb: Storing block b'ICON' section 89 image in '/Users/<user>/LC103/decompile_v1.53/lv_extract/lv3_1/DIO_R-W_ICON89.png'
/Users/<user>/Downloads/LC103/Source/LV3_1/103f_cal.llb: Writing Image file for block b'ICON' section 90
/Users/<user>/Downloads/LC103/Source/LV3_1/103f_cal.llb: Storing block b'ICON' section 90 image in '/Users/<user>/LC103/decompile_v1.53/lv_extract/lv3_1/CALB_SET_ICON90.png'
/Users/<user>/Downloads/LC103/Source/LV3_1/103f_cal.llb: Writing Image file for block b'ICON' section 91
/Users/<user>/Downloads/LC103/Source/LV3_1/103f_cal.llb: Storing block b'ICON' section 91 image in '/Users/<user>/LC103/decompile_v1.53/lv_extract/lv3_1/GAIN_CAL_ICON91.png'
/Users/<user>/Downloads/LC103/Source/LV3_1/103f_cal.llb: Writing Image file for block b'ICON' section 92
/Users/<user>/Downloads/LC103/Source/LV3_1/103f_cal.llb: Storing block b'ICON' section 92 image in '/Users/<user>/LC103/decompile_v1.53/lv_extract/lv3_1/LEAK_VLT_ICON92.png'
/Users/<user>/Downloads/LC103/Source/LV3_1/103f_cal.llb: Writing Image file for block b'ICON' section 93
/Users/<user>/Downloads/LC103/Source/LV3_1/103f_cal.llb: Storing block b'ICON' section 93 image in '/Users/<user>/LC103/decompile_v1.53/lv_extract/lv3_1/LEAK_I_ICON93.png'
/Users/<user>/Downloads/LC103/Source/LV3_1/103f_cal.llb: Writing Image file for block b'ICON' section 94
/Users/<user>/Downloads/LC103/Source/LV3_1/103f_cal.llb: Storing block b'ICON' section 94 image in '/Users/<user>/LC103/decompile_v1.53/lv_extract/lv3_1/ISRC_CAL_ICON94.png'
/Users/<user>/Downloads/LC103/Source/LV3_1/103f_cal.llb: Writing Image file for block b'ICON' section 95
/Users/<user>/Downloads/LC103/Source/LV3_1/103f_cal.llb: Storing block b'ICON' section 95 image in '/Users/<user>/LC103/decompile_v1.53/lv_extract/lv3_1/Leak_CAL_ICON95.png'
/Users/<user>/Downloads/LC103/Source/LV3_1/103f_cal.llb: Writing Image file for block b'ICON' section 96
/Users/<user>/Downloads/LC103/Source/LV3_1/103f_cal.llb: Storing block b'ICON' section 96 image in '/Users/<user>/LC103/decompile_v1.53/lv_extract/lv3_1/DA_TEST_ICON96.png'
/Users/<user>/Downloads/LC103/Source/LV3_1/103f_cal.llb: Writing Image file for block b'ICON' section 97
/Users/<user>/Downloads/LC103/Source/LV3_1/103f_cal.llb: Storing block b'ICON' section 97 image in '/Users/<user>/LC103/decompile_v1.53/lv_extract/lv3_1/Read Lines From File_ICON97.png'
/Users/<user>/Downloads/LC103/Source/LV3_1/103f_cal.llb: Writing Image file for block b'ICON' section 98
/Users/<user>/Downloads/LC103/Source/LV3_1/103f_cal.llb: Storing block b'ICON' section 98 image in '/Users/<user>/LC103/decompile_v1.53/lv_extract/lv3_1/VER#_SAV_ICON98.png'
/Users/<user>/Downloads/LC103/Source/LV3_1/103f_cal.llb: Writing Image file for block b'ICON' section 99
/Users/<user>/Downloads/LC103/Source/LV3_1/103f_cal.llb: Storing block b'ICON' section 99 image in '/Users/<user>/LC103/decompile_v1.53/lv_extract/lv3_1/IND_CAL_ICON99.png'
/Users/<user>/Downloads/LC103/Source/LV3_1/103f_cal.llb: Writing Image file for block b'ICON' section 100
/Users/<user>/Downloads/LC103/Source/LV3_1/103f_cal.llb: Storing block b'ICON' section 100 image in '/Users/<user>/LC103/decompile_v1.53/lv_extract/lv3_1/CAP_CAL_ICON100.png'
/Users/<user>/Downloads/LC103/Source/LV3_1/103f_cal.llb: Writing Image file for block b'ICON' section 101
/Users/<user>/Downloads/LC103/Source/LV3_1/103f_cal.llb: Storing block b'ICON' section 101 image in '/Users/<user>/LC103/decompile_v1.53/lv_extract/lv3_1/103FINAL_ICON101.png'
/Users/<user>/Downloads/LC103/Source/LV3_1/103f_cal.llb: Writing Image file for block b'ICON' section 102
/Users/<user>/Downloads/LC103/Source/LV3_1/103f_cal.llb: Storing block b'ICON' section 102 image in '/Users/<user>/LC103/decompile_v1.53/lv_extract/lv3_1/test_ICON102.png'
/Users/<user>/Downloads/LC103/Source/LV3_1/103f_cal.llb: Writing block b'CPTM'
/Users/<user>/Downloads/LC103/Source/LV3_1/103f_cal.llb: Storing block b'CPTM' section 3 binary in '/Users/<user>/LC103/decompile_v1.53/lv_extract/lv3_1/INSTR_WT_CPTM3.bin'
/Users/<user>/Downloads/LC103/Source/LV3_1/103f_cal.llb: Storing block b'CPTM' section 4 binary in '/Users/<user>/LC103/decompile_v1.53/lv_extract/lv3_1/Open-Create-Replace File_CPTM4.bin'
/Users/<user>/Downloads/LC103/Source/LV3_1/103f_cal.llb: Storing block b'CPTM' section 5 binary in '/Users/<user>/LC103/decompile_v1.53/lv_extract/lv3_1/Write File+ (string)_CPTM5.bin'
/Users/<user>/Downloads/LC103/Source/LV3_1/103f_cal.llb: Storing block b'CPTM' section 6 binary in '/Users/<user>/LC103/decompile_v1.53/lv_extract/lv3_1/GET_PATH_CPTM6.bin'
/Users/<user>/Downloads/LC103/Source/LV3_1/103f_cal.llb: Storing block b'CPTM' section 7 binary in '/Users/<user>/LC103/decompile_v1.53/lv_extract/lv3_1/Serial Port Reset_CPTM7.bin'
/Users/<user>/Downloads/LC103/Source/LV3_1/103f_cal.llb: Storing block b'CPTM' section 8 binary in '/Users/<user>/LC103/decompile_v1.53/lv_extract/lv3_1/Serial Port Buffer Size_CPTM8.bin'
/Users/<user>/Downloads/LC103/Source/LV3_1/103f_cal.llb: Storing block b'CPTM' section 9 binary in '/Users/<user>/LC103/decompile_v1.53/lv_extract/lv3_1/WSrd_CPTM9.bin'
/Users/<user>/Downloads/LC103/Source/LV3_1/103f_cal.llb: Storing block b'CPTM' section 10 binary in '/Users/<user>/LC103/decompile_v1.53/lv_extract/lv3_1/WSwrt_CPTM10.bin'
/Users/<user>/Downloads/LC103/Source/LV3_1/103f_cal.llb: Storing block b'CPTM' section 11 binary in '/Users/<user>/LC103/decompile_v1.53/lv_extract/lv3_1/4882TMO_CPTM11.bin'
/Users/<user>/Downloads/LC103/Source/LV3_1/103f_cal.llb: Storing block b'CPTM' section 12 binary in '/Users/<user>/LC103/decompile_v1.53/lv_extract/lv3_1/platGlob_CPTM12.bin'
/Users/<user>/Downloads/LC103/Source/LV3_1/103f_cal.llb: Storing block b'CPTM' section 13 binary in '/Users/<user>/LC103/decompile_v1.53/lv_extract/lv3_1/Open GPIB Driver_CPTM13.bin'
/Users/<user>/Downloads/LC103/Source/LV3_1/103f_cal.llb: Storing block b'CPTM' section 14 binary in '/Users/<user>/LC103/decompile_v1.53/lv_extract/lv3_1/Core GPIB Read_CPTM14.bin'
/Users/<user>/Downloads/LC103/Source/LV3_1/103f_cal.llb: Storing block b'CPTM' section 15 binary in '/Users/<user>/LC103/decompile_v1.53/lv_extract/lv3_1/Receive_CPTM15.bin'
/Users/<user>/Downloads/LC103/Source/LV3_1/103f_cal.llb: Storing block b'CPTM' section 16 binary in '/Users/<user>/LC103/decompile_v1.53/lv_extract/lv3_1/Core GPIB Write_CPTM16.bin'
/Users/<user>/Downloads/LC103/Source/LV3_1/103f_cal.llb: Storing block b'CPTM' section 17 binary in '/Users/<user>/LC103/decompile_v1.53/lv_extract/lv3_1/Send_CPTM17.bin'
/Users/<user>/Downloads/LC103/Source/LV3_1/103f_cal.llb: Storing block b'CPTM' section 18 binary in '/Users/<user>/LC103/decompile_v1.53/lv_extract/lv3_1/Instr Read Model Code (GPIB-VXI)_CPTM18.bin'
/Users/<user>/Downloads/LC103/Source/LV3_1/103f_cal.llb: Storing block b'CPTM' section 19 binary in '/Users/<user>/LC103/decompile_v1.53/lv_extract/lv3_1/GetDevInfoLong_CPTM19.bin'
/Users/<user>/Downloads/LC103/Source/LV3_1/103f_cal.llb: Storing block b'CPTM' section 20 binary in '/Users/<user>/LC103/decompile_v1.53/lv_extract/lv3_1/GetDevInfoShort_CPTM20.bin'
/Users/<user>/Downloads/LC103/Source/LV3_1/103f_cal.llb: Storing block b'CPTM' section 21 binary in '/Users/<user>/LC103/decompile_v1.53/lv_extract/lv3_1/InitVXIlibrary_CPTM21.bin'
/Users/<user>/Downloads/LC103/Source/LV3_1/103f_cal.llb: Storing block b'CPTM' section 22 binary in '/Users/<user>/LC103/decompile_v1.53/lv_extract/lv3_1/Instr Handle Control_CPTM22.bin'
/Users/<user>/Downloads/LC103/Source/LV3_1/103f_cal.llb: Storing block b'CPTM' section 23 binary in '/Users/<user>/LC103/decompile_v1.53/lv_extract/lv3_1/VTL Global_CPTM23.bin'
/Users/<user>/Downloads/LC103/Source/LV3_1/103f_cal.llb: Storing block b'CPTM' section 24 binary in '/Users/<user>/LC103/decompile_v1.53/lv_extract/lv3_1/Instr Error Out Cluster_CPTM24.bin'
/Users/<user>/Downloads/LC103/Source/LV3_1/103f_cal.llb: Storing block b'CPTM' section 25 binary in '/Users/<user>/LC103/decompile_v1.53/lv_extract/lv3_1/Instr Error In Cluster_CPTM25.bin'
/Users/<user>/Downloads/LC103/Source/LV3_1/103f_cal.llb: Storing block b'CPTM' section 26 binary in '/Users/<user>/LC103/decompile_v1.53/lv_extract/lv3_1/Instr Source_CPTM26.bin'
/Users/<user>/Downloads/LC103/Source/LV3_1/103f_cal.llb: Storing block b'CPTM' section 27 binary in '/Users/<user>/LC103/decompile_v1.53/lv_extract/lv3_1/Instr Handle Indicator_CPTM27.bin'
/Users/<user>/Downloads/LC103/Source/LV3_1/103f_cal.llb: Storing block b'CPTM' section 28 binary in '/Users/<user>/LC103/decompile_v1.53/lv_extract/lv3_1/Instr Read_CPTM28.bin'
/Users/<user>/Downloads/LC103/Source/LV3_1/103f_cal.llb: Storing block b'CPTM' section 29 binary in '/Users/<user>/LC103/decompile_v1.53/lv_extract/lv3_1/Instr Write_CPTM29.bin'
/Users/<user>/Downloads/LC103/Source/LV3_1/103f_cal.llb: Storing block b'CPTM' section 30 binary in '/Users/<user>/LC103/decompile_v1.53/lv_extract/lv3_1/Fluke 8840A_CPTM30.bin'
/Users/<user>/Downloads/LC103/Source/LV3_1/103f_cal.llb: Storing block b'CPTM' section 31 binary in '/Users/<user>/LC103/decompile_v1.53/lv_extract/lv3_1/MakeAddr_CPTM31.bin'
/Users/<user>/Downloads/LC103/Source/LV3_1/103f_cal.llb: Storing block b'CPTM' section 32 binary in '/Users/<user>/LC103/decompile_v1.53/lv_extract/lv3_1/Instr Initialize Interface_CPTM32.bin'
/Users/<user>/Downloads/LC103/Source/LV3_1/103f_cal.llb: Storing block b'CPTM' section 33 binary in '/Users/<user>/LC103/decompile_v1.53/lv_extract/lv3_1/Instr Parse Instrument Descriptor_CPTM33.bin'
/Users/<user>/Downloads/LC103/Source/LV3_1/103f_cal.llb: Storing block b'CPTM' section 34 binary in '/Users/<user>/LC103/decompile_v1.53/lv_extract/lv3_1/Instr Open_CPTM34.bin'
/Users/<user>/Downloads/LC103/Source/LV3_1/103f_cal.llb: Storing block b'CPTM' section 35 binary in '/Users/<user>/LC103/decompile_v1.53/lv_extract/lv3_1/FL 884XX Initialize_CPTM35.bin'
/Users/<user>/Downloads/LC103/Source/LV3_1/103f_cal.llb: Storing block b'CPTM' section 36 binary in '/Users/<user>/LC103/decompile_v1.53/lv_extract/lv3_1/RD8840A_CPTM36.bin'
/Users/<user>/Downloads/LC103/Source/LV3_1/103f_cal.llb: Storing block b'CPTM' section 37 binary in '/Users/<user>/LC103/decompile_v1.53/lv_extract/lv3_1/DIO Port Write_CPTM37.bin'
/Users/<user>/Downloads/LC103/Source/LV3_1/103f_cal.llb: Storing block b'CPTM' section 38 binary in '/Users/<user>/LC103/decompile_v1.53/lv_extract/lv3_1/DIO Port Read_CPTM38.bin'
/Users/<user>/Downloads/LC103/Source/LV3_1/103f_cal.llb: Storing block b'CPTM' section 39 binary in '/Users/<user>/LC103/decompile_v1.53/lv_extract/lv3_1/DIO Port Config_CPTM39.bin'
/Users/<user>/Downloads/LC103/Source/LV3_1/103f_cal.llb: Storing block b'CPTM' section 40 binary in '/Users/<user>/LC103/decompile_v1.53/lv_extract/lv3_1/COMP_CF_CPTM40.bin'
/Users/<user>/Downloads/LC103/Source/LV3_1/103f_cal.llb: Storing block b'CPTM' section 41 binary in '/Users/<user>/LC103/decompile_v1.53/lv_extract/lv3_1/WAIT_CPTM41.bin'
/Users/<user>/Downloads/LC103/Source/LV3_1/103f_cal.llb: Storing block b'CPTM' section 42 binary in '/Users/<user>/LC103/decompile_v1.53/lv_extract/lv3_1/Beep_CPTM42.bin'
/Users/<user>/Downloads/LC103/Source/LV3_1/103f_cal.llb: Storing block b'CPTM' section 43 binary in '/Users/<user>/LC103/decompile_v1.53/lv_extract/lv3_1/APRX_EQL_CPTM43.bin'
/Users/<user>/Downloads/LC103/Source/LV3_1/103f_cal.llb: Storing block b'CPTM' section 44 binary in '/Users/<user>/LC103/decompile_v1.53/lv_extract/lv3_1/GlobStat_CPTM44.bin'
/Users/<user>/Downloads/LC103/Source/LV3_1/103f_cal.llb: Storing block b'CPTM' section 45 binary in '/Users/<user>/LC103/decompile_v1.53/lv_extract/lv3_1/STARTCHK_CPTM45.bin'
/Users/<user>/Downloads/LC103/Source/LV3_1/103f_cal.llb: Storing block b'CPTM' section 46 binary in '/Users/<user>/LC103/decompile_v1.53/lv_extract/lv3_1/CAL_MODE_CPTM46.bin'
/Users/<user>/Downloads/LC103/Source/LV3_1/103f_cal.llb: Storing block b'CPTM' section 47 binary in '/Users/<user>/LC103/decompile_v1.53/lv_extract/lv3_1/ABORT-_CPTM47.bin'
/Users/<user>/Downloads/LC103/Source/LV3_1/103f_cal.llb: Storing block b'CPTM' section 48 binary in '/Users/<user>/LC103/decompile_v1.53/lv_extract/lv3_1/IST_WT_A_CPTM48.bin'
/Users/<user>/Downloads/LC103/Source/LV3_1/103f_cal.llb: Storing block b'CPTM' section 49 binary in '/Users/<user>/LC103/decompile_v1.53/lv_extract/lv3_1/Standard Deviation_CPTM49.bin'
/Users/<user>/Downloads/LC103/Source/LV3_1/103f_cal.llb: Storing block b'CPTM' section 50 binary in '/Users/<user>/LC103/decompile_v1.53/lv_extract/lv3_1/serpConfig_CPTM50.bin'
/Users/<user>/Downloads/LC103/Source/LV3_1/103f_cal.llb: Storing block b'CPTM' section 51 binary in '/Users/<user>/LC103/decompile_v1.53/lv_extract/lv3_1/serpOpen_CPTM51.bin'
/Users/<user>/Downloads/LC103/Source/LV3_1/103f_cal.llb: Storing block b'CPTM' section 52 binary in '/Users/<user>/LC103/decompile_v1.53/lv_extract/lv3_1/Open Serial Driver_CPTM52.bin'
/Users/<user>/Downloads/LC103/Source/LV3_1/103f_cal.llb: Storing block b'CPTM' section 53 binary in '/Users/<user>/LC103/decompile_v1.53/lv_extract/lv3_1/Serial Port Init_CPTM53.bin'
/Users/<user>/Downloads/LC103/Source/LV3_1/103f_cal.llb: Storing block b'CPTM' section 54 binary in '/Users/<user>/LC103/decompile_v1.53/lv_extract/lv3_1/Serial Port Write_CPTM54.bin'
/Users/<user>/Downloads/LC103/Source/LV3_1/103f_cal.llb: Storing block b'CPTM' section 55 binary in '/Users/<user>/LC103/decompile_v1.53/lv_extract/lv3_1/Serial Port Read_CPTM55.bin'
/Users/<user>/Downloads/LC103/Source/LV3_1/103f_cal.llb: Storing block b'CPTM' section 56 binary in '/Users/<user>/LC103/decompile_v1.53/lv_extract/lv3_1/Bytes At Serial Port_CPTM56.bin'
/Users/<user>/Downloads/LC103/Source/LV3_1/103f_cal.llb: Storing block b'CPTM' section 57 binary in '/Users/<user>/LC103/decompile_v1.53/lv_extract/lv3_1/String Write_CPTM57.bin'
/Users/<user>/Downloads/LC103/Source/LV3_1/103f_cal.llb: Storing block b'CPTM' section 58 binary in '/Users/<user>/LC103/decompile_v1.53/lv_extract/lv3_1/String Read_CPTM58.bin'
/Users/<user>/Downloads/LC103/Source/LV3_1/103f_cal.llb: Storing block b'CPTM' section 59 binary in '/Users/<user>/LC103/decompile_v1.53/lv_extract/lv3_1/RS-232 Communications_CPTM59.bin'
/Users/<user>/Downloads/LC103/Source/LV3_1/103f_cal.llb: Storing block b'CPTM' section 60 binary in '/Users/<user>/LC103/decompile_v1.53/lv_extract/lv3_1/UUT Comm_CPTM60.bin'
/Users/<user>/Downloads/LC103/Source/LV3_1/103f_cal.llb: Storing block b'CPTM' section 61 binary in '/Users/<user>/LC103/decompile_v1.53/lv_extract/lv3_1/UUT_BEEP_CPTM61.bin'
/Users/<user>/Downloads/LC103/Source/LV3_1/103f_cal.llb: Storing block b'CPTM' section 62 binary in '/Users/<user>/LC103/decompile_v1.53/lv_extract/lv3_1/LEADSHRT_CPTM62.bin'
/Users/<user>/Downloads/LC103/Source/LV3_1/103f_cal.llb: Storing block b'CPTM' section 63 binary in '/Users/<user>/LC103/decompile_v1.53/lv_extract/lv3_1/LEADOPEN_CPTM63.bin'
/Users/<user>/Downloads/LC103/Source/LV3_1/103f_cal.llb: Storing block b'CPTM' section 64 binary in '/Users/<user>/LC103/decompile_v1.53/lv_extract/lv3_1/GET_CF_CPTM64.bin'
/Users/<user>/Downloads/LC103/Source/LV3_1/103f_cal.llb: Storing block b'CPTM' section 65 binary in '/Users/<user>/LC103/decompile_v1.53/lv_extract/lv3_1/SND_CF&V_CPTM65.bin'
/Users/<user>/Downloads/LC103/Source/LV3_1/103f_cal.llb: Storing block b'CPTM' section 66 binary in '/Users/<user>/LC103/decompile_v1.53/lv_extract/lv3_1/INDSETUP_CPTM66.bin'
/Users/<user>/Downloads/LC103/Source/LV3_1/103f_cal.llb: Storing block b'CPTM' section 67 binary in '/Users/<user>/LC103/decompile_v1.53/lv_extract/lv3_1/CAPSETUP_CPTM67.bin'
/Users/<user>/Downloads/LC103/Source/LV3_1/103f_cal.llb: Storing block b'CPTM' section 68 binary in '/Users/<user>/LC103/decompile_v1.53/lv_extract/lv3_1/EEPROM_CPTM68.bin'
/Users/<user>/Downloads/LC103/Source/LV3_1/103f_cal.llb: Storing block b'CPTM' section 69 binary in '/Users/<user>/LC103/decompile_v1.53/lv_extract/lv3_1/T_Setup_CPTM69.bin'
/Users/<user>/Downloads/LC103/Source/LV3_1/103f_cal.llb: Storing block b'CPTM' section 70 binary in '/Users/<user>/LC103/decompile_v1.53/lv_extract/lv3_1/REV_CHK_CPTM70.bin'
/Users/<user>/Downloads/LC103/Source/LV3_1/103f_cal.llb: Storing block b'CPTM' section 71 binary in '/Users/<user>/LC103/decompile_v1.53/lv_extract/lv3_1/SER_SET_CPTM71.bin'
/Users/<user>/Downloads/LC103/Source/LV3_1/103f_cal.llb: Storing block b'CPTM' section 72 binary in '/Users/<user>/LC103/decompile_v1.53/lv_extract/lv3_1/EEClear_CPTM72.bin'
/Users/<user>/Downloads/LC103/Source/LV3_1/103f_cal.llb: Storing block b'CPTM' section 73 binary in '/Users/<user>/LC103/decompile_v1.53/lv_extract/lv3_1/10V_Set_CPTM73.bin'
/Users/<user>/Downloads/LC103/Source/LV3_1/103f_cal.llb: Storing block b'CPTM' section 74 binary in '/Users/<user>/LC103/decompile_v1.53/lv_extract/lv3_1/Ringer_CPTM74.bin'
/Users/<user>/Downloads/LC103/Source/LV3_1/103f_cal.llb: Storing block b'CPTM' section 75 binary in '/Users/<user>/LC103/decompile_v1.53/lv_extract/lv3_1/CALSET_CPTM75.bin'
/Users/<user>/Downloads/LC103/Source/LV3_1/103f_cal.llb: Storing block b'CPTM' section 76 binary in '/Users/<user>/LC103/decompile_v1.53/lv_extract/lv3_1/CALCLEAR_CPTM76.bin'
/Users/<user>/Downloads/LC103/Source/LV3_1/103f_cal.llb: Storing block b'CPTM' section 77 binary in '/Users/<user>/LC103/decompile_v1.53/lv_extract/lv3_1/Caldate_CPTM77.bin'
/Users/<user>/Downloads/LC103/Source/LV3_1/103f_cal.llb: Storing block b'CPTM' section 78 binary in '/Users/<user>/LC103/decompile_v1.53/lv_extract/lv3_1/1ST_READ_CPTM78.bin'
/Users/<user>/Downloads/LC103/Source/LV3_1/103f_cal.llb: Storing block b'CPTM' section 79 binary in '/Users/<user>/LC103/decompile_v1.53/lv_extract/lv3_1/SETLD_RD_CPTM79.bin'
/Users/<user>/Downloads/LC103/Source/LV3_1/103f_cal.llb: Storing block b'CPTM' section 80 binary in '/Users/<user>/LC103/decompile_v1.53/lv_extract/lv3_1/ESR_CAL_CPTM80.bin'
/Users/<user>/Downloads/LC103/Source/LV3_1/103f_cal.llb: Storing block b'CPTM' section 81 binary in '/Users/<user>/LC103/decompile_v1.53/lv_extract/lv3_1/Open File+_CPTM81.bin'
/Users/<user>/Downloads/LC103/Source/LV3_1/103f_cal.llb: Storing block b'CPTM' section 82 binary in '/Users/<user>/LC103/decompile_v1.53/lv_extract/lv3_1/Find First Error_CPTM82.bin'
/Users/<user>/Downloads/LC103/Source/LV3_1/103f_cal.llb: Storing block b'CPTM' section 83 binary in '/Users/<user>/LC103/decompile_v1.53/lv_extract/lv3_1/Close File+_CPTM83.bin'
/Users/<user>/Downloads/LC103/Source/LV3_1/103f_cal.llb: Storing block b'CPTM' section 84 binary in '/Users/<user>/LC103/decompile_v1.53/lv_extract/lv3_1/Read File+ (string)_CPTM84.bin'
/Users/<user>/Downloads/LC103/Source/LV3_1/103f_cal.llb: Storing block b'CPTM' section 85 binary in '/Users/<user>/LC103/decompile_v1.53/lv_extract/lv3_1/General Error Handler_CPTM85.bin'
/Users/<user>/Downloads/LC103/Source/LV3_1/103f_cal.llb: Storing block b'CPTM' section 86 binary in '/Users/<user>/LC103/decompile_v1.53/lv_extract/lv3_1/Write Characters To File_CPTM86.bin'
/Users/<user>/Downloads/LC103/Source/LV3_1/103f_cal.llb: Storing block b'CPTM' section 87 binary in '/Users/<user>/LC103/decompile_v1.53/lv_extract/lv3_1/Write to Digital Port _CPTM87.bin'
/Users/<user>/Downloads/LC103/Source/LV3_1/103f_cal.llb: Storing block b'CPTM' section 88 binary in '/Users/<user>/LC103/decompile_v1.53/lv_extract/lv3_1/Read from Digital Port_CPTM88.bin'
/Users/<user>/Downloads/LC103/Source/LV3_1/103f_cal.llb: Storing block b'CPTM' section 89 binary in '/Users/<user>/LC103/decompile_v1.53/lv_extract/lv3_1/DIO_R-W_CPTM89.bin'
/Users/<user>/Downloads/LC103/Source/LV3_1/103f_cal.llb: Storing block b'CPTM' section 90 binary in '/Users/<user>/LC103/decompile_v1.53/lv_extract/lv3_1/CALB_SET_CPTM90.bin'
/Users/<user>/Downloads/LC103/Source/LV3_1/103f_cal.llb: Storing block b'CPTM' section 91 binary in '/Users/<user>/LC103/decompile_v1.53/lv_extract/lv3_1/GAIN_CAL_CPTM91.bin'
/Users/<user>/Downloads/LC103/Source/LV3_1/103f_cal.llb: Storing block b'CPTM' section 92 binary in '/Users/<user>/LC103/decompile_v1.53/lv_extract/lv3_1/LEAK_VLT_CPTM92.bin'
/Users/<user>/Downloads/LC103/Source/LV3_1/103f_cal.llb: Storing block b'CPTM' section 93 binary in '/Users/<user>/LC103/decompile_v1.53/lv_extract/lv3_1/LEAK_I_CPTM93.bin'
/Users/<user>/Downloads/LC103/Source/LV3_1/103f_cal.llb: Storing block b'CPTM' section 94 binary in '/Users/<user>/LC103/decompile_v1.53/lv_extract/lv3_1/ISRC_CAL_CPTM94.bin'
/Users/<user>/Downloads/LC103/Source/LV3_1/103f_cal.llb: Storing block b'CPTM' section 95 binary in '/Users/<user>/LC103/decompile_v1.53/lv_extract/lv3_1/Leak_CAL_CPTM95.bin'
/Users/<user>/Downloads/LC103/Source/LV3_1/103f_cal.llb: Storing block b'CPTM' section 96 binary in '/Users/<user>/LC103/decompile_v1.53/lv_extract/lv3_1/DA_TEST_CPTM96.bin'
/Users/<user>/Downloads/LC103/Source/LV3_1/103f_cal.llb: Storing block b'CPTM' section 97 binary in '/Users/<user>/LC103/decompile_v1.53/lv_extract/lv3_1/Read Lines From File_CPTM97.bin'
/Users/<user>/Downloads/LC103/Source/LV3_1/103f_cal.llb: Storing block b'CPTM' section 98 binary in '/Users/<user>/LC103/decompile_v1.53/lv_extract/lv3_1/VER#_SAV_CPTM98.bin'
/Users/<user>/Downloads/LC103/Source/LV3_1/103f_cal.llb: Storing block b'CPTM' section 99 binary in '/Users/<user>/LC103/decompile_v1.53/lv_extract/lv3_1/IND_CAL_CPTM99.bin'
/Users/<user>/Downloads/LC103/Source/LV3_1/103f_cal.llb: Storing block b'CPTM' section 100 binary in '/Users/<user>/LC103/decompile_v1.53/lv_extract/lv3_1/CAP_CAL_CPTM100.bin'
/Users/<user>/Downloads/LC103/Source/LV3_1/103f_cal.llb: Storing block b'CPTM' section 101 binary in '/Users/<user>/LC103/decompile_v1.53/lv_extract/lv3_1/103FINAL_CPTM101.bin'
/Users/<user>/Downloads/LC103/Source/LV3_1/103f_cal.llb: Storing block b'CPTM' section 102 binary in '/Users/<user>/LC103/decompile_v1.53/lv_extract/lv3_1/test_CPTM102.bin'
/Users/<user>/Downloads/LC103/Source/LV3_1/103f_cal.llb: Writing block b'STRG'
/Users/<user>/Downloads/LC103/Source/LV3_1/103f_cal.llb: Writing inline XML for block b'STRG' section 3
/Users/<user>/Downloads/LC103/Source/LV3_1/103f_cal.llb: Writing inline XML for block b'STRG' section 4
/Users/<user>/Downloads/LC103/Source/LV3_1/103f_cal.llb: Writing inline XML for block b'STRG' section 5
/Users/<user>/Downloads/LC103/Source/LV3_1/103f_cal.llb: Writing inline XML for block b'STRG' section 6
/Users/<user>/Downloads/LC103/Source/LV3_1/103f_cal.llb: Writing inline XML for block b'STRG' section 7
/Users/<user>/Downloads/LC103/Source/LV3_1/103f_cal.llb: Writing inline XML for block b'STRG' section 8
/Users/<user>/Downloads/LC103/Source/LV3_1/103f_cal.llb: Writing inline XML for block b'STRG' section 9
/Users/<user>/Downloads/LC103/Source/LV3_1/103f_cal.llb: Writing inline XML for block b'STRG' section 10
/Users/<user>/Downloads/LC103/Source/LV3_1/103f_cal.llb: Writing inline XML for block b'STRG' section 11
/Users/<user>/Downloads/LC103/Source/LV3_1/103f_cal.llb: Writing inline XML for block b'STRG' section 12
/Users/<user>/Downloads/LC103/Source/LV3_1/103f_cal.llb: Writing inline XML for block b'STRG' section 13
/Users/<user>/Downloads/LC103/Source/LV3_1/103f_cal.llb: Writing inline XML for block b'STRG' section 14
/Users/<user>/Downloads/LC103/Source/LV3_1/103f_cal.llb: Writing inline XML for block b'STRG' section 15
/Users/<user>/Downloads/LC103/Source/LV3_1/103f_cal.llb: Writing inline XML for block b'STRG' section 16
/Users/<user>/Downloads/LC103/Source/LV3_1/103f_cal.llb: Writing inline XML for block b'STRG' section 17
/Users/<user>/Downloads/LC103/Source/LV3_1/103f_cal.llb: Writing inline XML for block b'STRG' section 18
/Users/<user>/Downloads/LC103/Source/LV3_1/103f_cal.llb: Writing inline XML for block b'STRG' section 19
/Users/<user>/Downloads/LC103/Source/LV3_1/103f_cal.llb: Writing inline XML for block b'STRG' section 20
/Users/<user>/Downloads/LC103/Source/LV3_1/103f_cal.llb: Writing inline XML for block b'STRG' section 21
/Users/<user>/Downloads/LC103/Source/LV3_1/103f_cal.llb: Writing inline XML for block b'STRG' section 22
/Users/<user>/Downloads/LC103/Source/LV3_1/103f_cal.llb: Writing inline XML for block b'STRG' section 23
/Users/<user>/Downloads/LC103/Source/LV3_1/103f_cal.llb: Writing inline XML for block b'STRG' section 24
/Users/<user>/Downloads/LC103/Source/LV3_1/103f_cal.llb: Writing inline XML for block b'STRG' section 25
/Users/<user>/Downloads/LC103/Source/LV3_1/103f_cal.llb: Writing inline XML for block b'STRG' section 26
/Users/<user>/Downloads/LC103/Source/LV3_1/103f_cal.llb: Writing inline XML for block b'STRG' section 27
/Users/<user>/Downloads/LC103/Source/LV3_1/103f_cal.llb: Writing inline XML for block b'STRG' section 28
/Users/<user>/Downloads/LC103/Source/LV3_1/103f_cal.llb: Writing inline XML for block b'STRG' section 29
/Users/<user>/Downloads/LC103/Source/LV3_1/103f_cal.llb: Writing inline XML for block b'STRG' section 30
/Users/<user>/Downloads/LC103/Source/LV3_1/103f_cal.llb: Writing inline XML for block b'STRG' section 31
/Users/<user>/Downloads/LC103/Source/LV3_1/103f_cal.llb: Writing inline XML for block b'STRG' section 32
/Users/<user>/Downloads/LC103/Source/LV3_1/103f_cal.llb: Writing inline XML for block b'STRG' section 33
/Users/<user>/Downloads/LC103/Source/LV3_1/103f_cal.llb: Writing inline XML for block b'STRG' section 34
/Users/<user>/Downloads/LC103/Source/LV3_1/103f_cal.llb: Writing inline XML for block b'STRG' section 35
/Users/<user>/Downloads/LC103/Source/LV3_1/103f_cal.llb: Writing inline XML for block b'STRG' section 36
/Users/<user>/Downloads/LC103/Source/LV3_1/103f_cal.llb: Writing inline XML for block b'STRG' section 37
/Users/<user>/Downloads/LC103/Source/LV3_1/103f_cal.llb: Writing inline XML for block b'STRG' section 38
/Users/<user>/Downloads/LC103/Source/LV3_1/103f_cal.llb: Writing inline XML for block b'STRG' section 39
/Users/<user>/Downloads/LC103/Source/LV3_1/103f_cal.llb: Writing inline XML for block b'STRG' section 40
/Users/<user>/Downloads/LC103/Source/LV3_1/103f_cal.llb: Writing inline XML for block b'STRG' section 41
/Users/<user>/Downloads/LC103/Source/LV3_1/103f_cal.llb: Writing inline XML for block b'STRG' section 42
/Users/<user>/Downloads/LC103/Source/LV3_1/103f_cal.llb: Writing inline XML for block b'STRG' section 43
/Users/<user>/Downloads/LC103/Source/LV3_1/103f_cal.llb: Writing inline XML for block b'STRG' section 44
/Users/<user>/Downloads/LC103/Source/LV3_1/103f_cal.llb: Writing inline XML for block b'STRG' section 45
/Users/<user>/Downloads/LC103/Source/LV3_1/103f_cal.llb: Writing inline XML for block b'STRG' section 46
/Users/<user>/Downloads/LC103/Source/LV3_1/103f_cal.llb: Writing inline XML for block b'STRG' section 47
/Users/<user>/Downloads/LC103/Source/LV3_1/103f_cal.llb: Writing inline XML for block b'STRG' section 48
/Users/<user>/Downloads/LC103/Source/LV3_1/103f_cal.llb: Writing inline XML for block b'STRG' section 49
/Users/<user>/Downloads/LC103/Source/LV3_1/103f_cal.llb: Writing inline XML for block b'STRG' section 50
/Users/<user>/Downloads/LC103/Source/LV3_1/103f_cal.llb: Writing inline XML for block b'STRG' section 51
/Users/<user>/Downloads/LC103/Source/LV3_1/103f_cal.llb: Writing inline XML for block b'STRG' section 52
/Users/<user>/Downloads/LC103/Source/LV3_1/103f_cal.llb: Writing inline XML for block b'STRG' section 53
/Users/<user>/Downloads/LC103/Source/LV3_1/103f_cal.llb: Writing inline XML for block b'STRG' section 54
/Users/<user>/Downloads/LC103/Source/LV3_1/103f_cal.llb: Writing inline XML for block b'STRG' section 55
/Users/<user>/Downloads/LC103/Source/LV3_1/103f_cal.llb: Writing inline XML for block b'STRG' section 56
/Users/<user>/Downloads/LC103/Source/LV3_1/103f_cal.llb: Writing inline XML for block b'STRG' section 57
/Users/<user>/Downloads/LC103/Source/LV3_1/103f_cal.llb: Writing inline XML for block b'STRG' section 58
/Users/<user>/Downloads/LC103/Source/LV3_1/103f_cal.llb: Writing inline XML for block b'STRG' section 59
/Users/<user>/Downloads/LC103/Source/LV3_1/103f_cal.llb: Writing inline XML for block b'STRG' section 60
/Users/<user>/Downloads/LC103/Source/LV3_1/103f_cal.llb: Writing inline XML for block b'STRG' section 61
/Users/<user>/Downloads/LC103/Source/LV3_1/103f_cal.llb: Writing inline XML for block b'STRG' section 62
/Users/<user>/Downloads/LC103/Source/LV3_1/103f_cal.llb: Writing inline XML for block b'STRG' section 63
/Users/<user>/Downloads/LC103/Source/LV3_1/103f_cal.llb: Writing inline XML for block b'STRG' section 64
/Users/<user>/Downloads/LC103/Source/LV3_1/103f_cal.llb: Writing inline XML for block b'STRG' section 65
/Users/<user>/Downloads/LC103/Source/LV3_1/103f_cal.llb: Writing inline XML for block b'STRG' section 66
/Users/<user>/Downloads/LC103/Source/LV3_1/103f_cal.llb: Writing inline XML for block b'STRG' section 67
/Users/<user>/Downloads/LC103/Source/LV3_1/103f_cal.llb: Writing inline XML for block b'STRG' section 68
/Users/<user>/Downloads/LC103/Source/LV3_1/103f_cal.llb: Writing inline XML for block b'STRG' section 69
/Users/<user>/Downloads/LC103/Source/LV3_1/103f_cal.llb: Writing inline XML for block b'STRG' section 70
/Users/<user>/Downloads/LC103/Source/LV3_1/103f_cal.llb: Writing inline XML for block b'STRG' section 71
/Users/<user>/Downloads/LC103/Source/LV3_1/103f_cal.llb: Writing inline XML for block b'STRG' section 72
/Users/<user>/Downloads/LC103/Source/LV3_1/103f_cal.llb: Writing inline XML for block b'STRG' section 73
/Users/<user>/Downloads/LC103/Source/LV3_1/103f_cal.llb: Writing inline XML for block b'STRG' section 74
/Users/<user>/Downloads/LC103/Source/LV3_1/103f_cal.llb: Writing inline XML for block b'STRG' section 75
/Users/<user>/Downloads/LC103/Source/LV3_1/103f_cal.llb: Writing inline XML for block b'STRG' section 76
/Users/<user>/Downloads/LC103/Source/LV3_1/103f_cal.llb: Writing inline XML for block b'STRG' section 77
/Users/<user>/Downloads/LC103/Source/LV3_1/103f_cal.llb: Writing inline XML for block b'STRG' section 78
/Users/<user>/Downloads/LC103/Source/LV3_1/103f_cal.llb: Writing inline XML for block b'STRG' section 79
/Users/<user>/Downloads/LC103/Source/LV3_1/103f_cal.llb: Writing inline XML for block b'STRG' section 80
/Users/<user>/Downloads/LC103/Source/LV3_1/103f_cal.llb: Writing inline XML for block b'STRG' section 81
/Users/<user>/Downloads/LC103/Source/LV3_1/103f_cal.llb: Writing inline XML for block b'STRG' section 82
/Users/<user>/Downloads/LC103/Source/LV3_1/103f_cal.llb: Writing inline XML for block b'STRG' section 83
/Users/<user>/Downloads/LC103/Source/LV3_1/103f_cal.llb: Writing inline XML for block b'STRG' section 84
/Users/<user>/Downloads/LC103/Source/LV3_1/103f_cal.llb: Writing inline XML for block b'STRG' section 85
/Users/<user>/Downloads/LC103/Source/LV3_1/103f_cal.llb: Writing inline XML for block b'STRG' section 86
/Users/<user>/Downloads/LC103/Source/LV3_1/103f_cal.llb: Writing inline XML for block b'STRG' section 87
/Users/<user>/Downloads/LC103/Source/LV3_1/103f_cal.llb: Writing inline XML for block b'STRG' section 88
/Users/<user>/Downloads/LC103/Source/LV3_1/103f_cal.llb: Writing inline XML for block b'STRG' section 89
/Users/<user>/Downloads/LC103/Source/LV3_1/103f_cal.llb: Writing inline XML for block b'STRG' section 90
/Users/<user>/Downloads/LC103/Source/LV3_1/103f_cal.llb: Writing inline XML for block b'STRG' section 91
/Users/<user>/Downloads/LC103/Source/LV3_1/103f_cal.llb: Writing inline XML for block b'STRG' section 92
/Users/<user>/Downloads/LC103/Source/LV3_1/103f_cal.llb: Writing inline XML for block b'STRG' section 93
/Users/<user>/Downloads/LC103/Source/LV3_1/103f_cal.llb: Writing inline XML for block b'STRG' section 94
/Users/<user>/Downloads/LC103/Source/LV3_1/103f_cal.llb: Writing inline XML for block b'STRG' section 95
/Users/<user>/Downloads/LC103/Source/LV3_1/103f_cal.llb: Writing inline XML for block b'STRG' section 96
/Users/<user>/Downloads/LC103/Source/LV3_1/103f_cal.llb: Writing inline XML for block b'STRG' section 97
/Users/<user>/Downloads/LC103/Source/LV3_1/103f_cal.llb: Writing inline XML for block b'STRG' section 98
/Users/<user>/Downloads/LC103/Source/LV3_1/103f_cal.llb: Writing inline XML for block b'STRG' section 99
/Users/<user>/Downloads/LC103/Source/LV3_1/103f_cal.llb: Writing inline XML for block b'STRG' section 100
/Users/<user>/Downloads/LC103/Source/LV3_1/103f_cal.llb: Writing inline XML for block b'STRG' section 101
/Users/<user>/Downloads/LC103/Source/LV3_1/103f_cal.llb: Writing inline XML for block b'STRG' section 102
/Users/<user>/LC103/decompile_v1.53/lv_extract/lv3_1/103f_cal.xml: Writing binding XML
